#
# There is insufficient memory for the Java Runtime Environment to continue.
# Native memory allocation (malloc) failed to allocate 1048576 bytes for AllocateHeap
# Possible reasons:
#   The system is out of physical RAM or swap space
#   In 32 bit mode, the process size limit was hit
# Possible solutions:
#   Reduce memory load on the system
#   Increase physical memory or swap space
#   Check if swap backing store is full
#   Use 64 bit Java on a 64 bit OS
#   Decrease Java heap size (-Xmx/-Xms)
#   Decrease number of Java threads
#   Decrease Java thread stack sizes (-Xss)
#   Set larger code cache with -XX:ReservedCodeCacheSize=
# This output file may be truncated or incomplete.
#
#  Out of Memory Error (memory/allocation.inline.hpp:61), pid=1516, tid=0x0000000000002278
#
# JRE version:  (8.0) (build )
# Java VM: OpenJDK 64-Bit Server VM (25.71-b00 mixed mode windows-amd64 compressed oops)
# Failed to write core dump. Minidumps are not enabled by default on client versions of Windows
#

---------------  T H R E A D  ---------------

Current thread (0x0000000002702800):  JavaThread "Unknown thread" [_thread_in_vm, id=8824, stack(0x0000000002600000,0x0000000002700000)]

Stack: [0x0000000002600000,0x0000000002700000]
[error occurred during error reporting (printing stack bounds), id 0xc0000005]

Native frames: (J=compiled Java code, j=interpreted, Vv=VM code, C=native code)


---------------  P R O C E S S  ---------------

Java Threads: ( => current thread )

Other Threads:

=>0x0000000002702800 (exited) JavaThread "Unknown thread" [_thread_in_vm, id=8824, stack(0x0000000002600000,0x0000000002700000)]

VM state:not at safepoint (normal execution)

VM Mutex/Monitor currently owned by a thread: None

Heap:
 PSYoungGen      total 18432K, used 317K [0x00000000eb580000, 0x00000000eca00000, 0x0000000100000000)
  eden space 15872K, 2% used [0x00000000eb580000,0x00000000eb5cf5d0,0x00000000ec500000)
  from space 2560K, 0% used [0x00000000ec780000,0x00000000ec780000,0x00000000eca00000)
  to   space 2560K, 0% used [0x00000000ec500000,0x00000000ec500000,0x00000000ec780000)
 ParOldGen       total 42496K, used 0K [0x00000000c2000000, 0x00000000c4980000, 0x00000000eb580000)
  object space 42496K, 0% used [0x00000000c2000000,0x00000000c2000000,0x00000000c4980000)
 Metaspace       used 777K, capacity 4480K, committed 4480K, reserved 1056768K
  class space    used 74K, capacity 384K, committed 384K, reserved 1048576K

Card table byte_map: [0x0000000011bc0000,0x0000000011dc0000] byte_map_base: 0x00000000115b0000

Marking Bits: (ParMarkBitMap*) 0x000000006d12be50
 Begin Bits: [0x0000000012110000, 0x0000000013090000)
 End Bits:   [0x0000000013090000, 0x0000000014010000)

Polling page: 0x00000000005f0000

CodeCache: size=245760Kb used=327Kb max_used=327Kb free=245432Kb
 bounds [0x0000000002800000, 0x0000000002a70000, 0x0000000011800000]
 total_blobs=56 nmethods=0 adapters=38
 compilation: enabled

Compilation events (0 events):
No events

GC Heap History (0 events):
No events

Deoptimization events (0 events):
No events

Classes redefined (0 events):
No events

Internal exceptions (0 events):
No events

Events (10 events):
Event: 0.287 loading class java/lang/Short
Event: 0.287 loading class java/lang/Short done
Event: 0.287 loading class java/lang/Integer
Event: 0.288 loading class java/lang/Integer done
Event: 0.288 loading class java/lang/Long
Event: 0.289 loading class java/lang/Long done
Event: 0.290 loading class java/lang/NullPointerException
Event: 0.290 loading class java/lang/NullPointerException done
Event: 0.290 loading class java/lang/ArithmeticException
Event: 0.290 loading class java/lang/ArithmeticException done


Dynamic libraries:
0x00007ff784d30000 - 0x00007ff784d65000 	D:\Unity\Unity-all\2020.3.22f1\Editor\Data\PlaybackEngines\AndroidPlayer\OpenJDK\bin\java.exe
0x00007ffc81590000 - 0x00007ffc81788000 	C:\Windows\SYSTEM32\ntdll.dll
0x00007ffc807b0000 - 0x00007ffc8086f000 	C:\Windows\System32\KERNEL32.DLL
0x00007ffc7eea0000 - 0x00007ffc7f196000 	C:\Windows\System32\KERNELBASE.dll
0x00007ffc80d20000 - 0x00007ffc80dcf000 	C:\Windows\System32\ADVAPI32.dll
0x00007ffc80270000 - 0x00007ffc8030e000 	C:\Windows\System32\msvcrt.dll
0x00007ffc81320000 - 0x00007ffc813bc000 	C:\Windows\System32\sechost.dll
0x00007ffc81120000 - 0x00007ffc81246000 	C:\Windows\System32\RPCRT4.dll
0x00007ffc80dd0000 - 0x00007ffc80f6d000 	C:\Windows\System32\USER32.dll
0x00007ffc7f3a0000 - 0x00007ffc7f3c2000 	C:\Windows\System32\win32u.dll
0x00007ffc80710000 - 0x00007ffc8073c000 	C:\Windows\System32\GDI32.dll
0x00007ffc7f4d0000 - 0x00007ffc7f5e5000 	C:\Windows\System32\gdi32full.dll
0x00007ffc7f1a0000 - 0x00007ffc7f23d000 	C:\Windows\System32\msvcp_win.dll
0x00007ffc7ed70000 - 0x00007ffc7ee70000 	C:\Windows\System32\ucrtbase.dll
0x00007ffc699d0000 - 0x00007ffc69c6a000 	C:\Windows\WinSxS\amd64_microsoft.windows.common-controls_6595b64144ccf1df_6.0.19041.1110_none_60b5254171f9507e\COMCTL32.dll
0x00007ffc80310000 - 0x00007ffc80340000 	C:\Windows\System32\IMM32.DLL
0x000000006dbd0000 - 0x000000006dca2000 	D:\Unity\Unity-all\2020.3.22f1\Editor\Data\PlaybackEngines\AndroidPlayer\OpenJDK\jre\bin\msvcr100.dll
0x000000006c960000 - 0x000000006d1a9000 	D:\Unity\Unity-all\2020.3.22f1\Editor\Data\PlaybackEngines\AndroidPlayer\OpenJDK\jre\bin\server\jvm.dll
0x00007ffc80340000 - 0x00007ffc80348000 	C:\Windows\System32\PSAPI.DLL
0x00007ffc6e420000 - 0x00007ffc6e429000 	C:\Windows\SYSTEM32\WSOCK32.dll
0x00007ffc6c650000 - 0x00007ffc6c677000 	C:\Windows\SYSTEM32\WINMM.dll
0x00007ffc80740000 - 0x00007ffc807ab000 	C:\Windows\System32\WS2_32.dll
0x00007ffc6f380000 - 0x00007ffc6f38a000 	C:\Windows\SYSTEM32\VERSION.dll
0x00007ffc6fe30000 - 0x00007ffc6fe3f000 	D:\Unity\Unity-all\2020.3.22f1\Editor\Data\PlaybackEngines\AndroidPlayer\OpenJDK\jre\bin\verify.dll
0x00007ffc6afa0000 - 0x00007ffc6afc9000 	D:\Unity\Unity-all\2020.3.22f1\Editor\Data\PlaybackEngines\AndroidPlayer\OpenJDK\jre\bin\java.dll
0x00007ffc6af80000 - 0x00007ffc6af96000 	D:\Unity\Unity-all\2020.3.22f1\Editor\Data\PlaybackEngines\AndroidPlayer\OpenJDK\jre\bin\zip.dll

VM Arguments:
jvm_args: -Dfile.encoding=UTF-8 
java_command: <unknown>
java_class_path (initial): .
Launcher Type: SUN_STANDARD

Environment Variables:
JAVA_TOOL_OPTIONS=-Dfile.encoding=UTF-8
PATH=C:\Users\iC;C:\ProgramData\Oracle\Java\javapath;C:\Program Files (x86)\Common Files\Oracle\Java\javapath;C:\Windows\system32;C:\Windows;C:\Windows\System32\Wbem;C:\Windows\System32\WindowsPowerShell\v1.0\;C:\Windows\System32\OpenSSH\;C:\Program Files\dotnet\;C:\Program Files\Java\jdk-19\bin;C:\Program Files (x86)\nodejs\;C:\Program Files\Tesseract-OCR;D:\Cmake\bin;C:\Program Files (x86)\ZeroTier\One\;D:\Git\cmd;C:\Program Files\MinGW\bin;C:\Users\iC\AppData\Local\Programs\Python\Python36\Scripts\;C:\Users\iC\AppData\Local\Programs\Python\Python36\;C:\Users\iC\AppData\Local\Programs\Python\Python38\Scripts\;C:\Users\iC\AppData\Local\Programs\Python\Python38\;D:\Python 36\Scripts\;D:\Python 36\;C:\Users\iC\AppData\Local\Programs\Python\Python39\Scripts\;C:\Users\iC\AppData\Local\Programs\Python\Python39\;C:\Users\iC\AppData\Local\Microsoft\WindowsApps;C:\Users\iC\.dotnet\tools;C:\Users\iC\AppData\Local\Programs\Microsoft VS Code\bin;C:\Users\iC\.dotnet\tools;C:\Users\iC\.dotnet\tools;D:\game inastel\flutter_windows_3.3.9-stable\flutter\bin;C:\Users\iC\AppData\Roaming\npm;D:\Microsoft VS Code\bin;C:\Users\iC\AppData\Local\GitHubDesktop\bin
USERNAME=iC
OS=Windows_NT
PROCESSOR_IDENTIFIER=Intel64 Family 6 Model 23 Stepping 10, GenuineIntel



---------------  S Y S T E M  ---------------

OS: Windows 10.0 , 64 bit Build 19041 (10.0.19041.3031)

CPU:total 2 (initial active 2) (2 cores per cpu, 1 threads per core) family 6 model 23 stepping 10, cmov, cx8, fxsr, mmx, sse, sse2, sse3, ssse3, sse4.1, tsc

Memory: 4k page, physical 4060404k(372864k free), swap 6385316k(4712k free)

vm_info: OpenJDK 64-Bit Server VM (25.71-b00) for windows-amd64 JRE (1.8.0-adoptopenjdk-_2018_05_19_00_59-b00), built on May 19 2018 01:02:12 by "jenkins" with MS VC++ 10.0 (VS2010)

time: Tue Aug 01 23:20:55 2023
elapsed time: 0 seconds (0d 0h 0m 0s)

