Using pre-set license
Built from '2020.3/staging' branch; Version is '2020.3.22f1 (e1a7f79fd887) revision 14788599'; Using compiler version '192528614'; Build Type 'Release'
OS: 'Windows 10 Pro; OS build 19044.3086; Version 2009; 64bit' Language: 'en' Physical Memory: 3965 MB
BatchMode: 1, IsHumanControllingUs: 0, StartBugReporterOnCrash: 0, Is64bit: 1, IsPro: 0

COMMAND LINE ARGUMENTS:
D:\Unity\Unity-all\2020.3.22f1\Editor\Unity.exe
-adb2
-batchMode
-noUpm
-name
AssetImportWorker2
-projectPath
D:/EXOS LIGHT AV1
-logFile
Logs/AssetImportWorker2.log
-srvPort
49988
Successfully changed project path to: D:/EXOS LIGHT AV1
D:/EXOS LIGHT AV1
Using Asset Import Pipeline V2.
Refreshing native plugins compatible for Editor in 100.84 ms, found 2 plugins.
Preloading 0 native plugins for Editor in 0.00 ms.
Initialize engine version: 2020.3.22f1 (e1a7f79fd887)
[Subsystems] Discovering subsystems at path D:/Unity/Unity-all/2020.3.22f1/Editor/Data/Resources/UnitySubsystems
[Subsystems] Discovering subsystems at path D:/EXOS LIGHT AV1/Assets
GfxDevice: creating device client; threaded=0
Direct3D:
    Version:  Direct3D 11.0 [level 10.0]
    Renderer: Intel(R) G41 Express Chipset (ID=0x2e32)
    Vendor:   
    VRAM:     128 MB
    Driver:   8.15.10.2413
Initialize mono
Mono path[0] = 'D:/Unity/Unity-all/2020.3.22f1/Editor/Data/Managed'
Mono path[1] = 'D:/Unity/Unity-all/2020.3.22f1/Editor/Data/MonoBleedingEdge/lib/mono/unityjit'
Mono config path = 'D:/Unity/Unity-all/2020.3.22f1/Editor/Data/MonoBleedingEdge/etc'
Using monoOptions --debugger-agent=transport=dt_socket,embedding=1,server=y,suspend=n,address=127.0.0.1:56052
Begin MonoManager ReloadAssembly
Registering precompiled unity dll's ...
Register platform support module: D:/Unity/Unity-all/2020.3.22f1/Editor/Data/PlaybackEngines/WindowsStandaloneSupport/UnityEditor.WindowsStandalone.Extensions.dll
Registered in 0.002611 seconds.
Native extension for WindowsStandalone target not found
Refreshing native plugins compatible for Editor in 77.14 ms, found 2 plugins.
Preloading 0 native plugins for Editor in 0.00 ms.
Mono: successfully reloaded assembly
- Completed reload, in  9.219 seconds
Domain Reload Profiling:
	ReloadAssembly (9220ms)
		BeginReloadAssembly (144ms)
			ExecutionOrderSort (0ms)
			DisableScriptedObjects (0ms)
			BackupInstance (0ms)
			ReleaseScriptingObjects (0ms)
			CreateAndSetChildDomain (2ms)
		EndReloadAssembly (1043ms)
			LoadAssemblies (145ms)
			RebuildTransferFunctionScriptingTraits (0ms)
			SetupTypeCache (388ms)
			ReleaseScriptCaches (0ms)
			RebuildScriptCaches (81ms)
			SetupLoadedEditorAssemblies (389ms)
				LogAssemblyErrors (0ms)
				InitializePlatformSupportModulesInManaged (10ms)
				SetLoadedEditorAssemblies (1ms)
				RefreshPlugins (77ms)
				BeforeProcessingInitializeOnLoad (30ms)
				ProcessInitializeOnLoadAttributes (194ms)
				ProcessInitializeOnLoadMethodAttributes (77ms)
				AfterProcessingInitializeOnLoad (0ms)
				EditorAssembliesLoaded (0ms)
			ExecutionOrderSort2 (0ms)
			AwakeInstancesAfterBackupRestoration (0ms)
Platform modules already initialized, skipping
Registering precompiled user dll's ...
Registered in 0.009510 seconds.
Begin MonoManager ReloadAssembly
Native extension for WindowsStandalone target not found
Refreshing native plugins compatible for Editor in 0.84 ms, found 2 plugins.
Preloading 0 native plugins for Editor in 0.00 ms.
Mono: successfully reloaded assembly
- Completed reload, in 11.584 seconds
Domain Reload Profiling:
	ReloadAssembly (11595ms)
		BeginReloadAssembly (361ms)
			ExecutionOrderSort (0ms)
			DisableScriptedObjects (9ms)
			BackupInstance (0ms)
			ReleaseScriptingObjects (0ms)
			CreateAndSetChildDomain (37ms)
		EndReloadAssembly (11105ms)
			LoadAssemblies (5537ms)
			RebuildTransferFunctionScriptingTraits (0ms)
			SetupTypeCache (2392ms)
			ReleaseScriptCaches (1ms)
			RebuildScriptCaches (130ms)
			SetupLoadedEditorAssemblies (2872ms)
				LogAssemblyErrors (0ms)
				InitializePlatformSupportModulesInManaged (13ms)
				SetLoadedEditorAssemblies (1ms)
				RefreshPlugins (1ms)
				BeforeProcessingInitializeOnLoad (177ms)
				ProcessInitializeOnLoadAttributes (1112ms)
				ProcessInitializeOnLoadMethodAttributes (1556ms)
				AfterProcessingInitializeOnLoad (12ms)
				EditorAssembliesLoaded (1ms)
			ExecutionOrderSort2 (0ms)
			AwakeInstancesAfterBackupRestoration (16ms)
Platform modules already initialized, skipping
========================================================================
Worker process is ready to serve import requests
Launched and connected shader compiler UnityShaderCompiler.exe after 0.21 seconds
Refreshing native plugins compatible for Editor in 0.67 ms, found 2 plugins.
Preloading 0 native plugins for Editor in 0.00 ms.
Unloading 1642 Unused Serialized files (Serialized files now loaded: 0)
System memory in use before: 78.1 MB.
System memory in use after: 78.1 MB.

Unloading 25 unused Assets to reduce memory usage. Loaded Objects now: 2069.
Total: 8.403500 ms (FindLiveObjects: 0.345800 ms CreateObjectMapping: 0.086300 ms MarkObjects: 7.740200 ms  DeleteObjects: 0.229400 ms)

AssetImportParameters requested are different than current active one (requested -> active):
  custom:framework-win-MediaFoundation: 216162199b28c13a410421893ffa2e32 -> 
  custom:video-decoder-ogg-theora: a1e56fd34408186e4bbccfd4996cb3dc -> 
  custom:container-muxer-webm: aa71ff27fc2769a1b78a27578f13a17b -> 
  custom:container-demuxer-webm: 4f35f7cbe854078d1ac9338744f61a02 -> 
  custom:container-demuxer-ogg: 62fdf1f143b41e24485cea50d1cbac27 -> 
  custom:video-encoder-webm-vp8: eb34c28f22e8b96e1ab97ce403110664 -> 
  custom:video-decoder-webm-vp8: 9c59270c3fd7afecdb556c50c9e8de78 -> 
  custom:audio-decoder-ogg-vorbis: bf7c407c2cedff20999df2af8eb42d56 -> 
  custom:audio-encoder-webm-vorbis: bf7c407c2cedff20999df2af8eb42d56 -> 
========================================================================
Received Import Request.
  path: Assets/Scene/Model/Door 1/yasen_sh.png
  artifactKey: Guid(428ff7c940463b340aa768a1cdb41520) Importer(815301076,1909f56bfc062723c751e8b465ee728b)
Start importing Assets/Scene/Model/Door 1/yasen_sh.png using Guid(428ff7c940463b340aa768a1cdb41520) Importer(815301076,1909f56bfc062723c751e8b465ee728b)  -> (artifact id: '6526440f128fa0272e461fc753b4f11f') in 0.247741 seconds 
  Import took 0.253225 seconds .

========================================================================
Received Import Request.
  Time since last request: 0.000293 seconds.
  path: Assets/Scene/Model/Door 1/Door Panels N231222.obj
  artifactKey: Guid(f2920a2317925cc40b189b90fc0dc272) Importer(815301076,1909f56bfc062723c751e8b465ee728b)
Start importing Assets/Scene/Model/Door 1/Door Panels N231222.obj using Guid(f2920a2317925cc40b189b90fc0dc272) Importer(815301076,1909f56bfc062723c751e8b465ee728b)  -> (artifact id: '94813181741fba29e6aa1d139c0128e6') in 1.631474 seconds 
  Import took 1.639522 seconds .

========================================================================
Received Import Request.
  Time since last request: 0.000282 seconds.
  path: Assets/Scene/Model/Door 1/yasen_sh.jpg
  artifactKey: Guid(17ddadb9a9e9cd7488c9389a5b6fad62) Importer(815301076,1909f56bfc062723c751e8b465ee728b)
Start importing Assets/Scene/Model/Door 1/yasen_sh.jpg using Guid(17ddadb9a9e9cd7488c9389a5b6fad62) Importer(815301076,1909f56bfc062723c751e8b465ee728b)  -> (artifact id: '351902d91515722879a99bfe52bac233') in 0.123361 seconds 
  Import took 0.129126 seconds .

========================================================================
Received Import Request.
  Time since last request: 0.000287 seconds.
  path: Assets/Scene/Model/Door 1
  artifactKey: Guid(a6c1fcd371231574b8ebc4625fb2f410) Importer(815301076,1909f56bfc062723c751e8b465ee728b)
Start importing Assets/Scene/Model/Door 1 using Guid(a6c1fcd371231574b8ebc4625fb2f410) Importer(815301076,1909f56bfc062723c751e8b465ee728b)  -> (artifact id: '67d4ae6b4d75d15083ccb1b3e618b77b') in 0.035609 seconds 
  Import took 0.043424 seconds .

========================================================================
Received Import Request.
  Time since last request: 36.331190 seconds.
  path: Assets/Scene/Model/Door 1/Materials
  artifactKey: Guid(64dc94081a289fc408ee375d531929a6) Importer(815301076,1909f56bfc062723c751e8b465ee728b)
Start importing Assets/Scene/Model/Door 1/Materials using Guid(64dc94081a289fc408ee375d531929a6) Importer(815301076,1909f56bfc062723c751e8b465ee728b)  -> (artifact id: 'ab705e7ceb1ad258dacfb1b68b2d5d7d') in 0.029547 seconds 
  Import took 0.038263 seconds .

========================================================================
Received Import Request.
  Time since last request: 0.027423 seconds.
  path: Assets/Scene/Model/Door 1/Materials/yasen_sh.mat
  artifactKey: Guid(77e55fe0253af5f4e8c98d9582a016a5) Importer(815301076,1909f56bfc062723c751e8b465ee728b)
Start importing Assets/Scene/Model/Door 1/Materials/yasen_sh.mat using Guid(77e55fe0253af5f4e8c98d9582a016a5) Importer(815301076,1909f56bfc062723c751e8b465ee728b)  -> (artifact id: '4e9addce940496ba838ad65fe1199e2d') in 0.070558 seconds 
  Import took 0.076929 seconds .

========================================================================
Received Import Request.
  Time since last request: 311.103386 seconds.
  path: Assets/Scene/Model/wooden-door/source/doow_wood.obj
  artifactKey: Guid(0548eff6e90abbd48af8c680a27e145d) Importer(815301076,1909f56bfc062723c751e8b465ee728b)
Start importing Assets/Scene/Model/wooden-door/source/doow_wood.obj using Guid(0548eff6e90abbd48af8c680a27e145d) Importer(815301076,1909f56bfc062723c751e8b465ee728b)  -> (artifact id: '6f041ca38038a9daddd866dfc180abff') in 0.160175 seconds 
  Import took 0.167392 seconds .

========================================================================
Received Import Request.
  Time since last request: 18.094748 seconds.
  path: Assets/Scene/Model/wooden-door/textures/DefaultMaterial_albedo.jpg
  artifactKey: Guid(b072fef7381618844b4252977eb8b2a4) Importer(815301076,1909f56bfc062723c751e8b465ee728b)
Start importing Assets/Scene/Model/wooden-door/textures/DefaultMaterial_albedo.jpg using Guid(b072fef7381618844b4252977eb8b2a4) Importer(815301076,1909f56bfc062723c751e8b465ee728b)  -> (artifact id: '58edbd85e1fb6f50eeb3507d5cfa4c68') in 0.116172 seconds 
  Import took 0.167592 seconds .

========================================================================
Received Import Request.
  Time since last request: 0.000258 seconds.
  path: Assets/Scene/Model/wooden-door/textures/Material.001_roughness.jpg
  artifactKey: Guid(674070ce6bc061c4d91b87860d7e3cae) Importer(815301076,1909f56bfc062723c751e8b465ee728b)
Start importing Assets/Scene/Model/wooden-door/textures/Material.001_roughness.jpg using Guid(674070ce6bc061c4d91b87860d7e3cae) Importer(815301076,1909f56bfc062723c751e8b465ee728b)  -> (artifact id: '1029e016be61e91bebe27350e5203ca4') in 0.113723 seconds 
  Import took 0.119032 seconds .

========================================================================
Received Import Request.
  Time since last request: 0.000261 seconds.
  path: Assets/Scene/Model/wooden-door/textures/Material.001_normal.jpg
  artifactKey: Guid(f0bd5ae2f19529c4ba33a33f372fda62) Importer(815301076,1909f56bfc062723c751e8b465ee728b)
Start importing Assets/Scene/Model/wooden-door/textures/Material.001_normal.jpg using Guid(f0bd5ae2f19529c4ba33a33f372fda62) Importer(815301076,1909f56bfc062723c751e8b465ee728b)  -> (artifact id: '3e1eb9409fbc1ddf21bb14c58c1205b9') in 0.089212 seconds 
  Import took 0.095579 seconds .

========================================================================
Received Import Request.
  Time since last request: 0.000255 seconds.
  path: Assets/Scene/Model/wooden-door/textures/DefaultMaterial_normal.jpg
  artifactKey: Guid(0f92d5f0a6bdbdf42abd6cc66a5f9d5e) Importer(815301076,1909f56bfc062723c751e8b465ee728b)
Start importing Assets/Scene/Model/wooden-door/textures/DefaultMaterial_normal.jpg using Guid(0f92d5f0a6bdbdf42abd6cc66a5f9d5e) Importer(815301076,1909f56bfc062723c751e8b465ee728b)  -> (artifact id: 'd7380f8e57dd014d1085ee2a4447bed2') in 0.088460 seconds 
  Import took 0.095169 seconds .

========================================================================
Received Import Request.
  Time since last request: 0.000260 seconds.
  path: Assets/Scene/Model/wooden-door/textures/DefaultMaterial_metallic.jpg
  artifactKey: Guid(d36a75f683918154db45133e2367c4c6) Importer(815301076,1909f56bfc062723c751e8b465ee728b)
Start importing Assets/Scene/Model/wooden-door/textures/DefaultMaterial_metallic.jpg using Guid(d36a75f683918154db45133e2367c4c6) Importer(815301076,1909f56bfc062723c751e8b465ee728b)  -> (artifact id: 'ced2a3695a65dbee522222de12d9d416') in 0.064946 seconds 
  Import took 0.070813 seconds .

========================================================================
Received Import Request.
  Time since last request: 0.000273 seconds.
  path: Assets/Scene/Model/wooden-door/textures/Material.001_AO.jpg
  artifactKey: Guid(e7779689be8ffb9488ada36a630becf4) Importer(815301076,1909f56bfc062723c751e8b465ee728b)
Start importing Assets/Scene/Model/wooden-door/textures/Material.001_AO.jpg using Guid(e7779689be8ffb9488ada36a630becf4) Importer(815301076,1909f56bfc062723c751e8b465ee728b)  -> (artifact id: '605e3b5b096aae5e28eea3f45ca71b82') in 0.086878 seconds 
  Import took 0.092423 seconds .

========================================================================
Received Import Request.
  Time since last request: 0.000259 seconds.
  path: Assets/Scene/Model/wooden-door/textures/DefaultMaterial_roughness.jpg
  artifactKey: Guid(6cae332327d2fc440ae0c9ad1845d372) Importer(815301076,1909f56bfc062723c751e8b465ee728b)
Start importing Assets/Scene/Model/wooden-door/textures/DefaultMaterial_roughness.jpg using Guid(6cae332327d2fc440ae0c9ad1845d372) Importer(815301076,1909f56bfc062723c751e8b465ee728b)  -> (artifact id: '7f67fbbcd65cb421c5edcb52d761a0fa') in 0.087212 seconds 
  Import took 0.099026 seconds .

========================================================================
Received Import Request.
  Time since last request: 0.000272 seconds.
  path: Assets/Scene/Model/wooden-door/textures/DefaultMaterial_AO.jpg
  artifactKey: Guid(1c0506cf1ed86634db7d42c8ba7db012) Importer(815301076,1909f56bfc062723c751e8b465ee728b)
Start importing Assets/Scene/Model/wooden-door/textures/DefaultMaterial_AO.jpg using Guid(1c0506cf1ed86634db7d42c8ba7db012) Importer(815301076,1909f56bfc062723c751e8b465ee728b)  -> (artifact id: 'd7d2f7f57149f9ee8a12613eabd5085b') in 0.071583 seconds 
  Import took 0.076348 seconds .

========================================================================
Received Import Request.
  Time since last request: 0.000259 seconds.
  path: Assets/Scene/Model/wooden-door/textures/Material.001_albedo.jpg
  artifactKey: Guid(82b7e6c9cb91c3744b2fbbd0a7311661) Importer(815301076,1909f56bfc062723c751e8b465ee728b)
Start importing Assets/Scene/Model/wooden-door/textures/Material.001_albedo.jpg using Guid(82b7e6c9cb91c3744b2fbbd0a7311661) Importer(815301076,1909f56bfc062723c751e8b465ee728b)  -> (artifact id: '00e17e94c546baa786337a771b37607f') in 0.089949 seconds 
  Import took 0.096278 seconds .

========================================================================
Received Import Request.
  Time since last request: 0.395801 seconds.
  path: Assets/Scene/Model/wooden-door/textures
  artifactKey: Guid(eb5080cbdc7fc7544943887ae42fc794) Importer(815301076,1909f56bfc062723c751e8b465ee728b)
Start importing Assets/Scene/Model/wooden-door/textures using Guid(eb5080cbdc7fc7544943887ae42fc794) Importer(815301076,1909f56bfc062723c751e8b465ee728b)  -> (artifact id: '4b80397977a7eed4cb13deebb60827b0') in 0.035723 seconds 
  Import took 0.044859 seconds .

========================================================================
Received Import Request.
  Time since last request: 6.945509 seconds.
  path: Assets/Scene/Model/wooden-door/textures/DoorMat.mat
  artifactKey: Guid(efff8fd9df708b9429deadfe4ff305fc) Importer(815301076,1909f56bfc062723c751e8b465ee728b)
Start importing Assets/Scene/Model/wooden-door/textures/DoorMat.mat using Guid(efff8fd9df708b9429deadfe4ff305fc) Importer(815301076,1909f56bfc062723c751e8b465ee728b)  -> (artifact id: '4c9d1fcd9f1dce502f0296f746239513') in 0.099524 seconds 
  Import took 0.105170 seconds .

========================================================================
Received Import Request.
  Time since last request: 15.275769 seconds.
  path: Assets/Scene/Model/wooden-door/textures/DefaultMaterial_normal.jpg
  artifactKey: Guid(0f92d5f0a6bdbdf42abd6cc66a5f9d5e) Importer(815301076,1909f56bfc062723c751e8b465ee728b)
Start importing Assets/Scene/Model/wooden-door/textures/DefaultMaterial_normal.jpg using Guid(0f92d5f0a6bdbdf42abd6cc66a5f9d5e) Importer(815301076,1909f56bfc062723c751e8b465ee728b)  -> (artifact id: '11c40a0feca0c5cfccbfe6e366f592be') in 0.114273 seconds 
  Import took 0.119703 seconds .

========================================================================
Received Import Request.
  Time since last request: 153.545850 seconds.
  path: Assets/Scene/Model/wooden-door/textures/DoorMat.mat
  artifactKey: Guid(efff8fd9df708b9429deadfe4ff305fc) Importer(815301076,1909f56bfc062723c751e8b465ee728b)
Start importing Assets/Scene/Model/wooden-door/textures/DoorMat.mat using Guid(efff8fd9df708b9429deadfe4ff305fc) Importer(815301076,1909f56bfc062723c751e8b465ee728b)  -> (artifact id: '876d43ca1658bd2fb518b41ecd543933') in 0.344574 seconds 
  Import took 0.351196 seconds .

========================================================================
Received Import Request.
  Time since last request: 4.174462 seconds.
  path: Assets/Scalable Grid Prototype Materials/Materials/Prototype_Scaling_Black.mat
  artifactKey: Guid(ff2f42e1397fe8a479eea2973e848d92) Importer(815301076,1909f56bfc062723c751e8b465ee728b)
Start importing Assets/Scalable Grid Prototype Materials/Materials/Prototype_Scaling_Black.mat using Guid(ff2f42e1397fe8a479eea2973e848d92) Importer(815301076,1909f56bfc062723c751e8b465ee728b)  -> (artifact id: 'ed3691997859363523a945cb3b1f8d5c') in 0.047685 seconds 
  Import took 0.056531 seconds .

========================================================================
Received Import Request.
  Time since last request: 0.000312 seconds.
  path: Assets/Scalable Grid Prototype Materials/Materials/Prototype_Scaling_Gray.mat
  artifactKey: Guid(21ca8723c11d2d34abf1e9e595b0942a) Importer(815301076,1909f56bfc062723c751e8b465ee728b)
Start importing Assets/Scalable Grid Prototype Materials/Materials/Prototype_Scaling_Gray.mat using Guid(21ca8723c11d2d34abf1e9e595b0942a) Importer(815301076,1909f56bfc062723c751e8b465ee728b)  -> (artifact id: '9c5dc3a7cefbb494834e9084579d99f5') in 0.064061 seconds 
  Import took 0.070205 seconds .

========================================================================
Received Import Request.
  Time since last request: 0.000274 seconds.
  path: Assets/Scalable Grid Prototype Materials/Materials/Prototype_Scaling_Yellow.mat
  artifactKey: Guid(f1e38594f14520c48bc546f3a41f4f56) Importer(815301076,1909f56bfc062723c751e8b465ee728b)
Start importing Assets/Scalable Grid Prototype Materials/Materials/Prototype_Scaling_Yellow.mat using Guid(f1e38594f14520c48bc546f3a41f4f56) Importer(815301076,1909f56bfc062723c751e8b465ee728b)  -> (artifact id: '20584b4d96484235bc83e250ab2f6c63') in 0.065682 seconds 
  Import took 0.071457 seconds .

========================================================================
Received Import Request.
  Time since last request: 0.000348 seconds.
  path: Assets/Scalable Grid Prototype Materials/Materials/Prototype_Scaling_Mantis.mat
  artifactKey: Guid(720ea100b5a5ea741a0e79cfb3ab65c6) Importer(815301076,1909f56bfc062723c751e8b465ee728b)
Start importing Assets/Scalable Grid Prototype Materials/Materials/Prototype_Scaling_Mantis.mat using Guid(720ea100b5a5ea741a0e79cfb3ab65c6) Importer(815301076,1909f56bfc062723c751e8b465ee728b)  -> (artifact id: '89a7613ddeed5bdb24044e64f9b48ec5') in 0.069566 seconds 
  Import took 0.080426 seconds .

========================================================================
Received Import Request.
  Time since last request: 0.000296 seconds.
  path: Assets/Scalable Grid Prototype Materials/Materials/Prototype_Scaling_Orange.mat
  artifactKey: Guid(d78d6cd3137a8824699cde034b4270c0) Importer(815301076,1909f56bfc062723c751e8b465ee728b)
Start importing Assets/Scalable Grid Prototype Materials/Materials/Prototype_Scaling_Orange.mat using Guid(d78d6cd3137a8824699cde034b4270c0) Importer(815301076,1909f56bfc062723c751e8b465ee728b)  -> (artifact id: 'e4f0686f452a3274d3fb797bf3b350ea') in 0.068417 seconds 
  Import took 0.074225 seconds .

========================================================================
Received Import Request.
  Time since last request: 0.000124 seconds.
  path: Assets/Scalable Grid Prototype Materials/Materials/Prototype_Scaling_Light_Sea_Green.mat
  artifactKey: Guid(40598ecf603ac4d41b1f525da75d9d89) Importer(815301076,1909f56bfc062723c751e8b465ee728b)
Start importing Assets/Scalable Grid Prototype Materials/Materials/Prototype_Scaling_Light_Sea_Green.mat using Guid(40598ecf603ac4d41b1f525da75d9d89) Importer(815301076,1909f56bfc062723c751e8b465ee728b)  -> (artifact id: '8c051ec482d555ac90f66d862b9a05d5') in 0.078154 seconds 
  Import took 0.087751 seconds .

========================================================================
Received Import Request.
  Time since last request: 0.000328 seconds.
  path: Assets/Scalable Grid Prototype Materials/Materials/Prototype_Scaling_Blue_Sapphire.mat
  artifactKey: Guid(aa60dc0f504f8eb41974f50e1528f594) Importer(815301076,1909f56bfc062723c751e8b465ee728b)
Start importing Assets/Scalable Grid Prototype Materials/Materials/Prototype_Scaling_Blue_Sapphire.mat using Guid(aa60dc0f504f8eb41974f50e1528f594) Importer(815301076,1909f56bfc062723c751e8b465ee728b)  -> (artifact id: '6ca0c4f27d59220639f81f5c2d60e4db') in 0.074193 seconds 
  Import took 0.085453 seconds .

========================================================================
Received Import Request.
  Time since last request: 0.000588 seconds.
  path: Assets/Scalable Grid Prototype Materials/Materials/Prototype_Scaling_Green.mat
  artifactKey: Guid(efe26027cacc84b409062a6cff9b90c4) Importer(815301076,1909f56bfc062723c751e8b465ee728b)
Start importing Assets/Scalable Grid Prototype Materials/Materials/Prototype_Scaling_Green.mat using Guid(efe26027cacc84b409062a6cff9b90c4) Importer(815301076,1909f56bfc062723c751e8b465ee728b)  -> (artifact id: 'be6d3538e3ffdda14bbf628da9be3c01') in 0.080863 seconds 
  Import took 0.087458 seconds .

========================================================================
Received Import Request.
  Time since last request: 0.000300 seconds.
  path: Assets/Scalable Grid Prototype Materials/Materials/Prototype_Scaling_White.mat
  artifactKey: Guid(81caf0b4f4d2ac74e847cad8de1aa792) Importer(815301076,1909f56bfc062723c751e8b465ee728b)
Start importing Assets/Scalable Grid Prototype Materials/Materials/Prototype_Scaling_White.mat using Guid(81caf0b4f4d2ac74e847cad8de1aa792) Importer(815301076,1909f56bfc062723c751e8b465ee728b)  -> (artifact id: '2342a0b4d0abeaf388ddea8f090c878f') in 0.064441 seconds 
  Import took 0.068989 seconds .

========================================================================
Received Import Request.
  Time since last request: 0.000282 seconds.
  path: Assets/Scalable Grid Prototype Materials/Materials/Prototype_Scaling_Blue.mat
  artifactKey: Guid(5a7ca585a9b2b3c4587125916713263d) Importer(815301076,1909f56bfc062723c751e8b465ee728b)
Start importing Assets/Scalable Grid Prototype Materials/Materials/Prototype_Scaling_Blue.mat using Guid(5a7ca585a9b2b3c4587125916713263d) Importer(815301076,1909f56bfc062723c751e8b465ee728b)  -> (artifact id: '53960e1638a12cbe72a6c01d1043e5bc') in 0.062540 seconds 
  Import took 0.068236 seconds .

========================================================================
Received Import Request.
  Time since last request: 0.000292 seconds.
  path: Assets/Scalable Grid Prototype Materials/Materials/Prototype_Scaling_Dark_Blue.mat
  artifactKey: Guid(88b3961b9a9bd064ebcc2f4cbf42faf0) Importer(815301076,1909f56bfc062723c751e8b465ee728b)
Start importing Assets/Scalable Grid Prototype Materials/Materials/Prototype_Scaling_Dark_Blue.mat using Guid(88b3961b9a9bd064ebcc2f4cbf42faf0) Importer(815301076,1909f56bfc062723c751e8b465ee728b)  -> (artifact id: '977011ba304ee9b9bbee6af2e67db1a9') in 0.064629 seconds 
  Import took 0.069919 seconds .

========================================================================
Received Import Request.
  Time since last request: 0.000266 seconds.
  path: Assets/Scalable Grid Prototype Materials/Materials/Prototype_Scaling_Light_Gray.mat
  artifactKey: Guid(848390390ab9d3740bfc096a1bdda56b) Importer(815301076,1909f56bfc062723c751e8b465ee728b)
Start importing Assets/Scalable Grid Prototype Materials/Materials/Prototype_Scaling_Light_Gray.mat using Guid(848390390ab9d3740bfc096a1bdda56b) Importer(815301076,1909f56bfc062723c751e8b465ee728b)  -> (artifact id: '33b8b25b12a47d52d0bff76116c8a834') in 0.064333 seconds 
  Import took 0.069709 seconds .

========================================================================
Received Import Request.
  Time since last request: 0.001172 seconds.
  path: Assets/Scalable Grid Prototype Materials/Materials/Prototype_Scaling_Dark_Gray.mat
  artifactKey: Guid(2b4f548f427906c468873dfbb5a93fcb) Importer(815301076,1909f56bfc062723c751e8b465ee728b)
Start importing Assets/Scalable Grid Prototype Materials/Materials/Prototype_Scaling_Dark_Gray.mat using Guid(2b4f548f427906c468873dfbb5a93fcb) Importer(815301076,1909f56bfc062723c751e8b465ee728b)  -> (artifact id: 'c596948b71e75f1721bf1954e1d26fd9') in 0.061332 seconds 
  Import took 0.072142 seconds .

========================================================================
Received Import Request.
  Time since last request: 0.000278 seconds.
  path: Assets/Scalable Grid Prototype Materials/Materials/Prototype_Scaling_Red.mat
  artifactKey: Guid(6af20d21fdb3e9846be9fcc5368045e6) Importer(815301076,1909f56bfc062723c751e8b465ee728b)
Start importing Assets/Scalable Grid Prototype Materials/Materials/Prototype_Scaling_Red.mat using Guid(6af20d21fdb3e9846be9fcc5368045e6) Importer(815301076,1909f56bfc062723c751e8b465ee728b)  -> (artifact id: '6842e6cfcb2a4628cbd8117616aca98c') in 0.099041 seconds 
  Import took 0.105045 seconds .

========================================================================
Received Import Request.
  Time since last request: 0.000064 seconds.
  path: Assets/Scalable Grid Prototype Materials/Materials/Prototype_Scaling_Violet.mat
  artifactKey: Guid(7ec4e7373ac023f42bc829945cdcdf38) Importer(815301076,1909f56bfc062723c751e8b465ee728b)
Start importing Assets/Scalable Grid Prototype Materials/Materials/Prototype_Scaling_Violet.mat using Guid(7ec4e7373ac023f42bc829945cdcdf38) Importer(815301076,1909f56bfc062723c751e8b465ee728b)  -> (artifact id: '6482c8e3689f06bb86eae6d645171266') in 0.070062 seconds 
  Import took 0.088842 seconds .

========================================================================
Received Import Request.
  Time since last request: 2.286065 seconds.
  path: Assets/Scalable Grid Prototype Materials/Materials
  artifactKey: Guid(f1f15492fe0d78f43aa34d54f123e9b4) Importer(815301076,1909f56bfc062723c751e8b465ee728b)
Start importing Assets/Scalable Grid Prototype Materials/Materials using Guid(f1f15492fe0d78f43aa34d54f123e9b4) Importer(815301076,1909f56bfc062723c751e8b465ee728b)  -> (artifact id: 'bebd88e71d5966fcf9f8333246cf7180') in 0.023199 seconds 
  Import took 0.031793 seconds .

========================================================================
Received Prepare
Registering precompiled user dll's ...
Registered in 0.020815 seconds.
Begin MonoManager ReloadAssembly
Native extension for WindowsStandalone target not found
Refreshing native plugins compatible for Editor in 78.44 ms, found 2 plugins.
Preloading 0 native plugins for Editor in 0.00 ms.
Mono: successfully reloaded assembly
- Completed reload, in  2.275 seconds
Domain Reload Profiling:
	ReloadAssembly (2276ms)
		BeginReloadAssembly (317ms)
			ExecutionOrderSort (0ms)
			DisableScriptedObjects (15ms)
			BackupInstance (0ms)
			ReleaseScriptingObjects (0ms)
			CreateAndSetChildDomain (121ms)
		EndReloadAssembly (1827ms)
			LoadAssemblies (227ms)
			RebuildTransferFunctionScriptingTraits (0ms)
			SetupTypeCache (628ms)
			ReleaseScriptCaches (1ms)
			RebuildScriptCaches (104ms)
			SetupLoadedEditorAssemblies (678ms)
				LogAssemblyErrors (0ms)
				InitializePlatformSupportModulesInManaged (9ms)
				SetLoadedEditorAssemblies (0ms)
				RefreshPlugins (79ms)
				BeforeProcessingInitializeOnLoad (117ms)
				ProcessInitializeOnLoadAttributes (452ms)
				ProcessInitializeOnLoadMethodAttributes (15ms)
				AfterProcessingInitializeOnLoad (5ms)
				EditorAssembliesLoaded (0ms)
			ExecutionOrderSort2 (0ms)
			AwakeInstancesAfterBackupRestoration (12ms)
Platform modules already initialized, skipping
Refreshing native plugins compatible for Editor in 0.93 ms, found 2 plugins.
Preloading 0 native plugins for Editor in 0.00 ms.
Unloading 2412 Unused Serialized files (Serialized files now loaded: 0)
System memory in use before: 101.9 MB.
System memory in use after: 101.8 MB.

Unloading 27 unused Assets to reduce memory usage. Loaded Objects now: 2909.
Total: 9.780500 ms (FindLiveObjects: 0.468700 ms CreateObjectMapping: 0.138100 ms MarkObjects: 8.822600 ms  DeleteObjects: 0.348900 ms)

AssetImportParameters requested are different than current active one (requested -> active):
  custom:framework-win-MediaFoundation: 216162199b28c13a410421893ffa2e32 -> 
  custom:video-decoder-ogg-theora: a1e56fd34408186e4bbccfd4996cb3dc -> 
  custom:container-muxer-webm: aa71ff27fc2769a1b78a27578f13a17b -> 
  custom:container-demuxer-webm: 4f35f7cbe854078d1ac9338744f61a02 -> 
  custom:container-demuxer-ogg: 62fdf1f143b41e24485cea50d1cbac27 -> 
  custom:video-encoder-webm-vp8: eb34c28f22e8b96e1ab97ce403110664 -> 
  custom:video-decoder-webm-vp8: 9c59270c3fd7afecdb556c50c9e8de78 -> 
  custom:audio-decoder-ogg-vorbis: bf7c407c2cedff20999df2af8eb42d56 -> 
  custom:audio-encoder-webm-vorbis: bf7c407c2cedff20999df2af8eb42d56 -> 
========================================================================
Received Import Request.
  Time since last request: 175.296392 seconds.
  path: Assets/Scalable Grid Prototype Materials/Textures/1x1_grid_quarter_lines_numbered.png
  artifactKey: Guid(f3fda86b5946f734a9a3ff491f163a96) Importer(815301076,1909f56bfc062723c751e8b465ee728b)
Start importing Assets/Scalable Grid Prototype Materials/Textures/1x1_grid_quarter_lines_numbered.png using Guid(f3fda86b5946f734a9a3ff491f163a96) Importer(815301076,1909f56bfc062723c751e8b465ee728b)  -> (artifact id: 'e7cc9af8ce76a89acd7915f7c3878751') in 0.245971 seconds 
  Import took 0.261052 seconds .

========================================================================
Received Import Request.
  Time since last request: 0.000075 seconds.
  path: Assets/Scalable Grid Prototype Materials/Textures/prototype_normal.png
  artifactKey: Guid(b7e7faca7fd58d147ad4889d2c521c2c) Importer(815301076,1909f56bfc062723c751e8b465ee728b)
Start importing Assets/Scalable Grid Prototype Materials/Textures/prototype_normal.png using Guid(b7e7faca7fd58d147ad4889d2c521c2c) Importer(815301076,1909f56bfc062723c751e8b465ee728b)  -> (artifact id: 'c956fc28c28884f3275e3262302e3bbc') in 0.150182 seconds 
  Import took 0.162733 seconds .

========================================================================
Received Import Request.
  Time since last request: 36.824489 seconds.
  path: Assets/Scalable Grid Prototype Materials/Materials/blank.shadergraph
  artifactKey: Guid(07fb68ee0495cf0499b943fd05acbc4e) Importer(815301076,1909f56bfc062723c751e8b465ee728b)
Start importing Assets/Scalable Grid Prototype Materials/Materials/blank.shadergraph using Guid(07fb68ee0495cf0499b943fd05acbc4e) Importer(815301076,1909f56bfc062723c751e8b465ee728b)  -> (artifact id: '792416674eb9706256d7b789d368b1bc') in 0.029476 seconds 
  Import took 0.036101 seconds .

========================================================================
Received Import Request.
  Time since last request: 83.546902 seconds.
  path: Assets/Scene/RenderTexture/Grid 1.mat
  artifactKey: Guid(593fd5e480c6b24419220217214603cc) Importer(815301076,1909f56bfc062723c751e8b465ee728b)
Start importing Assets/Scene/RenderTexture/Grid 1.mat using Guid(593fd5e480c6b24419220217214603cc) Importer(815301076,1909f56bfc062723c751e8b465ee728b)  -> (artifact id: '21556377d51841e93eade02d09a58383') in 0.221522 seconds 
  Import took 0.228497 seconds .

========================================================================
Received Import Request.
  Time since last request: 50.282024 seconds.
  path: Assets/Scene/RenderTexture/Grid 1.mat
  artifactKey: Guid(593fd5e480c6b24419220217214603cc) Importer(815301076,1909f56bfc062723c751e8b465ee728b)
Start importing Assets/Scene/RenderTexture/Grid 1.mat using Guid(593fd5e480c6b24419220217214603cc) Importer(815301076,1909f56bfc062723c751e8b465ee728b)  -> (artifact id: '88819709f1a7b726da6a37242fb88a54') in 0.078957 seconds 
  Import took 0.090230 seconds .

========================================================================
Received Import Request.
  Time since last request: 0.000294 seconds.
  path: Assets/Scene/RenderTexture/Grid.mat
  artifactKey: Guid(3b0e06a638ea10242ba53dc24bd1b41f) Importer(815301076,1909f56bfc062723c751e8b465ee728b)
Start importing Assets/Scene/RenderTexture/Grid.mat using Guid(3b0e06a638ea10242ba53dc24bd1b41f) Importer(815301076,1909f56bfc062723c751e8b465ee728b)  -> (artifact id: '498db3076ad501b9b69fc9d4bb239cb7') in 0.105185 seconds 
  Import took 0.123269 seconds .

========================================================================
Received Import Request.
  Time since last request: 22.528213 seconds.
  path: Assets/Scriptss/Player/Inventiory
  artifactKey: Guid(818b26ec354450b4b944ee6c03d6e2c7) Importer(815301076,1909f56bfc062723c751e8b465ee728b)
Start importing Assets/Scriptss/Player/Inventiory using Guid(818b26ec354450b4b944ee6c03d6e2c7) Importer(815301076,1909f56bfc062723c751e8b465ee728b)  -> (artifact id: '3f1ccf2f43aacb6e24a67969bedf2c21') in 0.026994 seconds 
  Import took 0.034876 seconds .

========================================================================
Received Import Request.
  Time since last request: 11.047078 seconds.
  path: Assets/Scriptss/Player/Inventiory/PlayerInventory.cs
  artifactKey: Guid(d87dd36787f63244da9d14af23295ace) Importer(815301076,1909f56bfc062723c751e8b465ee728b)
Start importing Assets/Scriptss/Player/Inventiory/PlayerInventory.cs using Guid(d87dd36787f63244da9d14af23295ace) Importer(815301076,1909f56bfc062723c751e8b465ee728b)  -> (artifact id: '19e655c1f7d13a9b12c72342b8086c46') in 0.049478 seconds 
  Import took 0.104234 seconds .

========================================================================
Received Prepare
Registering precompiled user dll's ...
Registered in 0.010750 seconds.
Begin MonoManager ReloadAssembly
Native extension for WindowsStandalone target not found
Refreshing native plugins compatible for Editor in 0.89 ms, found 2 plugins.
Preloading 0 native plugins for Editor in 0.00 ms.
Mono: successfully reloaded assembly
- Completed reload, in  2.086 seconds
Domain Reload Profiling:
	ReloadAssembly (2087ms)
		BeginReloadAssembly (212ms)
			ExecutionOrderSort (0ms)
			DisableScriptedObjects (8ms)
			BackupInstance (0ms)
			ReleaseScriptingObjects (0ms)
			CreateAndSetChildDomain (63ms)
		EndReloadAssembly (1761ms)
			LoadAssemblies (205ms)
			RebuildTransferFunctionScriptingTraits (0ms)
			SetupTypeCache (623ms)
			ReleaseScriptCaches (12ms)
			RebuildScriptCaches (125ms)
			SetupLoadedEditorAssemblies (634ms)
				LogAssemblyErrors (0ms)
				InitializePlatformSupportModulesInManaged (10ms)
				SetLoadedEditorAssemblies (1ms)
				RefreshPlugins (1ms)
				BeforeProcessingInitializeOnLoad (165ms)
				ProcessInitializeOnLoadAttributes (437ms)
				ProcessInitializeOnLoadMethodAttributes (15ms)
				AfterProcessingInitializeOnLoad (6ms)
				EditorAssembliesLoaded (0ms)
			ExecutionOrderSort2 (0ms)
			AwakeInstancesAfterBackupRestoration (12ms)
Platform modules already initialized, skipping
Refreshing native plugins compatible for Editor in 0.95 ms, found 2 plugins.
Preloading 0 native plugins for Editor in 0.00 ms.
Unloading 2413 Unused Serialized files (Serialized files now loaded: 0)
System memory in use before: 102.0 MB.
System memory in use after: 101.9 MB.

Unloading 27 unused Assets to reduce memory usage. Loaded Objects now: 2914.
Total: 10.238000 ms (FindLiveObjects: 0.479700 ms CreateObjectMapping: 0.141000 ms MarkObjects: 9.259100 ms  DeleteObjects: 0.356100 ms)

AssetImportParameters requested are different than current active one (requested -> active):
  custom:framework-win-MediaFoundation: 216162199b28c13a410421893ffa2e32 -> 
  custom:video-decoder-ogg-theora: a1e56fd34408186e4bbccfd4996cb3dc -> 
  custom:container-muxer-webm: aa71ff27fc2769a1b78a27578f13a17b -> 
  custom:container-demuxer-webm: 4f35f7cbe854078d1ac9338744f61a02 -> 
  custom:container-demuxer-ogg: 62fdf1f143b41e24485cea50d1cbac27 -> 
  custom:video-encoder-webm-vp8: eb34c28f22e8b96e1ab97ce403110664 -> 
  custom:video-decoder-webm-vp8: 9c59270c3fd7afecdb556c50c9e8de78 -> 
  custom:audio-decoder-ogg-vorbis: bf7c407c2cedff20999df2af8eb42d56 -> 
  custom:audio-encoder-webm-vorbis: bf7c407c2cedff20999df2af8eb42d56 -> 
========================================================================
Received Prepare
Registering precompiled user dll's ...
Registered in 0.010029 seconds.
Begin MonoManager ReloadAssembly
Native extension for WindowsStandalone target not found
Refreshing native plugins compatible for Editor in 0.97 ms, found 2 plugins.
Preloading 0 native plugins for Editor in 0.00 ms.
Mono: successfully reloaded assembly
- Completed reload, in 28.741 seconds
Domain Reload Profiling:
	ReloadAssembly (28742ms)
		BeginReloadAssembly (290ms)
			ExecutionOrderSort (0ms)
			DisableScriptedObjects (10ms)
			BackupInstance (0ms)
			ReleaseScriptingObjects (0ms)
			CreateAndSetChildDomain (89ms)
		EndReloadAssembly (28298ms)
			LoadAssemblies (279ms)
			RebuildTransferFunctionScriptingTraits (0ms)
			SetupTypeCache (2406ms)
			ReleaseScriptCaches (3ms)
			RebuildScriptCaches (134ms)
			SetupLoadedEditorAssemblies (15627ms)
				LogAssemblyErrors (0ms)
				InitializePlatformSupportModulesInManaged (121ms)
				SetLoadedEditorAssemblies (1ms)
				RefreshPlugins (1ms)
				BeforeProcessingInitializeOnLoad (259ms)
				ProcessInitializeOnLoadAttributes (8462ms)
				ProcessInitializeOnLoadMethodAttributes (6776ms)
				AfterProcessingInitializeOnLoad (6ms)
				EditorAssembliesLoaded (1ms)
			ExecutionOrderSort2 (0ms)
			AwakeInstancesAfterBackupRestoration (4086ms)
Platform modules already initialized, skipping
Refreshing native plugins compatible for Editor in 2.13 ms, found 2 plugins.
Preloading 0 native plugins for Editor in 0.00 ms.
Unloading 2413 Unused Serialized files (Serialized files now loaded: 0)
System memory in use before: 102.1 MB.
System memory in use after: 101.9 MB.

Unloading 27 unused Assets to reduce memory usage. Loaded Objects now: 2916.
Total: 85.918300 ms (FindLiveObjects: 3.232200 ms CreateObjectMapping: 1.571700 ms MarkObjects: 80.189100 ms  DeleteObjects: 0.921800 ms)

AssetImportParameters requested are different than current active one (requested -> active):
  custom:framework-win-MediaFoundation: 216162199b28c13a410421893ffa2e32 -> 
  custom:video-decoder-ogg-theora: a1e56fd34408186e4bbccfd4996cb3dc -> 
  custom:container-muxer-webm: aa71ff27fc2769a1b78a27578f13a17b -> 
  custom:container-demuxer-webm: 4f35f7cbe854078d1ac9338744f61a02 -> 
  custom:container-demuxer-ogg: 62fdf1f143b41e24485cea50d1cbac27 -> 
  custom:video-encoder-webm-vp8: eb34c28f22e8b96e1ab97ce403110664 -> 
  custom:video-decoder-webm-vp8: 9c59270c3fd7afecdb556c50c9e8de78 -> 
  custom:audio-decoder-ogg-vorbis: bf7c407c2cedff20999df2af8eb42d56 -> 
  custom:audio-encoder-webm-vorbis: bf7c407c2cedff20999df2af8eb42d56 -> 
========================================================================
Received Prepare
Registering precompiled user dll's ...
Registered in 0.020627 seconds.
Begin MonoManager ReloadAssembly
Native extension for WindowsStandalone target not found
Refreshing native plugins compatible for Editor in 1.03 ms, found 2 plugins.
Preloading 0 native plugins for Editor in 0.00 ms.
Mono: successfully reloaded assembly
- Completed reload, in  4.098 seconds
Domain Reload Profiling:
	ReloadAssembly (4098ms)
		BeginReloadAssembly (376ms)
			ExecutionOrderSort (0ms)
			DisableScriptedObjects (26ms)
			BackupInstance (0ms)
			ReleaseScriptingObjects (0ms)
			CreateAndSetChildDomain (90ms)
		EndReloadAssembly (3530ms)
			LoadAssemblies (407ms)
			RebuildTransferFunctionScriptingTraits (0ms)
			SetupTypeCache (1024ms)
			ReleaseScriptCaches (3ms)
			RebuildScriptCaches (151ms)
			SetupLoadedEditorAssemblies (1597ms)
				LogAssemblyErrors (0ms)
				InitializePlatformSupportModulesInManaged (16ms)
				SetLoadedEditorAssemblies (1ms)
				RefreshPlugins (1ms)
				BeforeProcessingInitializeOnLoad (282ms)
				ProcessInitializeOnLoadAttributes (1256ms)
				ProcessInitializeOnLoadMethodAttributes (30ms)
				AfterProcessingInitializeOnLoad (10ms)
				EditorAssembliesLoaded (1ms)
			ExecutionOrderSort2 (0ms)
			AwakeInstancesAfterBackupRestoration (46ms)
Platform modules already initialized, skipping
Refreshing native plugins compatible for Editor in 1.24 ms, found 2 plugins.
Preloading 0 native plugins for Editor in 0.00 ms.
Unloading 2414 Unused Serialized files (Serialized files now loaded: 0)
System memory in use before: 102.1 MB.
System memory in use after: 102.0 MB.

Unloading 27 unused Assets to reduce memory usage. Loaded Objects now: 2919.
Total: 64.503600 ms (FindLiveObjects: 6.849400 ms CreateObjectMapping: 0.280500 ms MarkObjects: 56.969400 ms  DeleteObjects: 0.401400 ms)

AssetImportParameters requested are different than current active one (requested -> active):
  custom:framework-win-MediaFoundation: 216162199b28c13a410421893ffa2e32 -> 
  custom:video-decoder-ogg-theora: a1e56fd34408186e4bbccfd4996cb3dc -> 
  custom:container-muxer-webm: aa71ff27fc2769a1b78a27578f13a17b -> 
  custom:container-demuxer-webm: 4f35f7cbe854078d1ac9338744f61a02 -> 
  custom:container-demuxer-ogg: 62fdf1f143b41e24485cea50d1cbac27 -> 
  custom:video-encoder-webm-vp8: eb34c28f22e8b96e1ab97ce403110664 -> 
  custom:video-decoder-webm-vp8: 9c59270c3fd7afecdb556c50c9e8de78 -> 
  custom:audio-decoder-ogg-vorbis: bf7c407c2cedff20999df2af8eb42d56 -> 
  custom:audio-encoder-webm-vorbis: bf7c407c2cedff20999df2af8eb42d56 -> 
========================================================================
Received Import Request.
  Time since last request: 164.435038 seconds.
  path: Assets/Scriptss/Player/Inventiory/InventoryItem.cs
  artifactKey: Guid(f757fee50a04db64fa28f76925d34d72) Importer(815301076,1909f56bfc062723c751e8b465ee728b)
Start importing Assets/Scriptss/Player/Inventiory/InventoryItem.cs using Guid(f757fee50a04db64fa28f76925d34d72) Importer(815301076,1909f56bfc062723c751e8b465ee728b)  -> (artifact id: '2dfff5bf8a4fc22956e8fb0e70b59f02') in 0.074066 seconds 
  Import took 0.081738 seconds .

========================================================================
Received Prepare
Registering precompiled user dll's ...
Registered in 0.033671 seconds.
Begin MonoManager ReloadAssembly
Native extension for WindowsStandalone target not found
Refreshing native plugins compatible for Editor in 1.11 ms, found 2 plugins.
Preloading 0 native plugins for Editor in 0.00 ms.
Mono: successfully reloaded assembly
- Completed reload, in  3.672 seconds
Domain Reload Profiling:
	ReloadAssembly (3695ms)
		BeginReloadAssembly (810ms)
			ExecutionOrderSort (0ms)
			DisableScriptedObjects (79ms)
			BackupInstance (0ms)
			ReleaseScriptingObjects (1ms)
			CreateAndSetChildDomain (460ms)
		EndReloadAssembly (2725ms)
			LoadAssemblies (413ms)
			RebuildTransferFunctionScriptingTraits (0ms)
			SetupTypeCache (909ms)
			ReleaseScriptCaches (2ms)
			RebuildScriptCaches (118ms)
			SetupLoadedEditorAssemblies (934ms)
				LogAssemblyErrors (0ms)
				InitializePlatformSupportModulesInManaged (11ms)
				SetLoadedEditorAssemblies (1ms)
				RefreshPlugins (1ms)
				BeforeProcessingInitializeOnLoad (226ms)
				ProcessInitializeOnLoadAttributes (670ms)
				ProcessInitializeOnLoadMethodAttributes (18ms)
				AfterProcessingInitializeOnLoad (6ms)
				EditorAssembliesLoaded (1ms)
			ExecutionOrderSort2 (0ms)
			AwakeInstancesAfterBackupRestoration (12ms)
Platform modules already initialized, skipping
Refreshing native plugins compatible for Editor in 0.99 ms, found 2 plugins.
Preloading 0 native plugins for Editor in 0.00 ms.
Unloading 2414 Unused Serialized files (Serialized files now loaded: 0)
System memory in use before: 102.1 MB.
System memory in use after: 102.0 MB.

Unloading 27 unused Assets to reduce memory usage. Loaded Objects now: 2921.
Total: 32.733600 ms (FindLiveObjects: 1.444500 ms CreateObjectMapping: 0.168300 ms MarkObjects: 30.033300 ms  DeleteObjects: 1.085100 ms)

AssetImportParameters requested are different than current active one (requested -> active):
  custom:framework-win-MediaFoundation: 216162199b28c13a410421893ffa2e32 -> 
  custom:video-decoder-ogg-theora: a1e56fd34408186e4bbccfd4996cb3dc -> 
  custom:container-muxer-webm: aa71ff27fc2769a1b78a27578f13a17b -> 
  custom:container-demuxer-webm: 4f35f7cbe854078d1ac9338744f61a02 -> 
  custom:container-demuxer-ogg: 62fdf1f143b41e24485cea50d1cbac27 -> 
  custom:video-encoder-webm-vp8: eb34c28f22e8b96e1ab97ce403110664 -> 
  custom:video-decoder-webm-vp8: 9c59270c3fd7afecdb556c50c9e8de78 -> 
  custom:audio-decoder-ogg-vorbis: bf7c407c2cedff20999df2af8eb42d56 -> 
  custom:audio-encoder-webm-vorbis: bf7c407c2cedff20999df2af8eb42d56 -> 
========================================================================
Received Import Request.
  Time since last request: 1054.609330 seconds.
  path: Assets/Scriptss/Player/Inventiory/InventoryItem.cs
  artifactKey: Guid(f757fee50a04db64fa28f76925d34d72) Importer(815301076,1909f56bfc062723c751e8b465ee728b)
Start importing Assets/Scriptss/Player/Inventiory/InventoryItem.cs using Guid(f757fee50a04db64fa28f76925d34d72) Importer(815301076,1909f56bfc062723c751e8b465ee728b)  -> (artifact id: '2b09fdd30369c495ad9cb587d6a2cd71') in 0.981010 seconds 
  Import took 1.007561 seconds .

========================================================================
Received Import Request.
  Time since last request: 786.716802 seconds.
  path: Assets/Scriptss/Player/Inventiory/ItemNew.asset
  artifactKey: Guid(031b109e039861c4b9999d4e60896431) Importer(815301076,1909f56bfc062723c751e8b465ee728b)
Start importing Assets/Scriptss/Player/Inventiory/ItemNew.asset using Guid(031b109e039861c4b9999d4e60896431) Importer(815301076,1909f56bfc062723c751e8b465ee728b)  -> (artifact id: 'ae903e783a2fd81aa143315fbf63e8dc') in 0.680147 seconds 
  Import took 0.860652 seconds .

========================================================================
Received Prepare
Registering precompiled user dll's ...
Registered in 0.026158 seconds.
Begin MonoManager ReloadAssembly
Native extension for WindowsStandalone target not found
Refreshing native plugins compatible for Editor in 0.97 ms, found 2 plugins.
Preloading 0 native plugins for Editor in 0.00 ms.
Mono: successfully reloaded assembly
- Completed reload, in  4.764 seconds
Domain Reload Profiling:
	ReloadAssembly (4795ms)
		BeginReloadAssembly (1434ms)
			ExecutionOrderSort (0ms)
			DisableScriptedObjects (149ms)
			BackupInstance (0ms)
			ReleaseScriptingObjects (0ms)
			CreateAndSetChildDomain (678ms)
		EndReloadAssembly (3166ms)
			LoadAssemblies (647ms)
			RebuildTransferFunctionScriptingTraits (0ms)
			SetupTypeCache (1349ms)
			ReleaseScriptCaches (4ms)
			RebuildScriptCaches (129ms)
			SetupLoadedEditorAssemblies (1117ms)
				LogAssemblyErrors (0ms)
				InitializePlatformSupportModulesInManaged (13ms)
				SetLoadedEditorAssemblies (1ms)
				RefreshPlugins (1ms)
				BeforeProcessingInitializeOnLoad (328ms)
				ProcessInitializeOnLoadAttributes (747ms)
				ProcessInitializeOnLoadMethodAttributes (20ms)
				AfterProcessingInitializeOnLoad (7ms)
				EditorAssembliesLoaded (1ms)
			ExecutionOrderSort2 (0ms)
			AwakeInstancesAfterBackupRestoration (16ms)
Platform modules already initialized, skipping
Refreshing native plugins compatible for Editor in 1.10 ms, found 2 plugins.
Preloading 0 native plugins for Editor in 0.00 ms.
Unloading 2414 Unused Serialized files (Serialized files now loaded: 0)
System memory in use before: 102.1 MB.
System memory in use after: 102.0 MB.

Unloading 27 unused Assets to reduce memory usage. Loaded Objects now: 2923.
Total: 23.979300 ms (FindLiveObjects: 1.767600 ms CreateObjectMapping: 0.231100 ms MarkObjects: 21.239100 ms  DeleteObjects: 0.738700 ms)

AssetImportParameters requested are different than current active one (requested -> active):
  custom:framework-win-MediaFoundation: 216162199b28c13a410421893ffa2e32 -> 
  custom:video-decoder-ogg-theora: a1e56fd34408186e4bbccfd4996cb3dc -> 
  custom:container-muxer-webm: aa71ff27fc2769a1b78a27578f13a17b -> 
  custom:container-demuxer-webm: 4f35f7cbe854078d1ac9338744f61a02 -> 
  custom:container-demuxer-ogg: 62fdf1f143b41e24485cea50d1cbac27 -> 
  custom:video-encoder-webm-vp8: eb34c28f22e8b96e1ab97ce403110664 -> 
  custom:video-decoder-webm-vp8: 9c59270c3fd7afecdb556c50c9e8de78 -> 
  custom:audio-decoder-ogg-vorbis: bf7c407c2cedff20999df2af8eb42d56 -> 
  custom:audio-encoder-webm-vorbis: bf7c407c2cedff20999df2af8eb42d56 -> 
========================================================================
Received Import Request.
  Time since last request: 276.123383 seconds.
  path: Assets/Scriptss/Player/Inventiory/InventoryScirptable
  artifactKey: Guid(9c584ec30ad44c9419444d072326879c) Importer(815301076,1909f56bfc062723c751e8b465ee728b)
Start importing Assets/Scriptss/Player/Inventiory/InventoryScirptable using Guid(9c584ec30ad44c9419444d072326879c) Importer(815301076,1909f56bfc062723c751e8b465ee728b)  -> (artifact id: '8a141575b7f18d812cd14a24602e3fac') in 0.129040 seconds 
  Import took 0.138877 seconds .

========================================================================
Received Import Request.
  Time since last request: 23.140756 seconds.
  path: Assets/Scriptss/Player/Inventiory/InvItem.cs
  artifactKey: Guid(00b438c4363bc6d4093f46ac6ea3f8f2) Importer(815301076,1909f56bfc062723c751e8b465ee728b)
Start importing Assets/Scriptss/Player/Inventiory/InvItem.cs using Guid(00b438c4363bc6d4093f46ac6ea3f8f2) Importer(815301076,1909f56bfc062723c751e8b465ee728b)  -> (artifact id: 'e86341ba93eb24b34e91c26897356d6e') in 0.146773 seconds 
  Import took 0.169171 seconds .

========================================================================
Received Prepare
Registering precompiled user dll's ...
Registered in 0.936517 seconds.
Begin MonoManager ReloadAssembly
Native extension for WindowsStandalone target not found
Refreshing native plugins compatible for Editor in 1.13 ms, found 2 plugins.
Preloading 0 native plugins for Editor in 0.00 ms.
Mono: successfully reloaded assembly
- Completed reload, in  7.831 seconds
Domain Reload Profiling:
	ReloadAssembly (7832ms)
		BeginReloadAssembly (335ms)
			ExecutionOrderSort (0ms)
			DisableScriptedObjects (12ms)
			BackupInstance (0ms)
			ReleaseScriptingObjects (0ms)
			CreateAndSetChildDomain (121ms)
		EndReloadAssembly (7245ms)
			LoadAssemblies (643ms)
			RebuildTransferFunctionScriptingTraits (0ms)
			SetupTypeCache (1871ms)
			ReleaseScriptCaches (3ms)
			RebuildScriptCaches (223ms)
			SetupLoadedEditorAssemblies (4069ms)
				LogAssemblyErrors (0ms)
				InitializePlatformSupportModulesInManaged (14ms)
				SetLoadedEditorAssemblies (1ms)
				RefreshPlugins (1ms)
				BeforeProcessingInitializeOnLoad (2621ms)
				ProcessInitializeOnLoadAttributes (1398ms)
				ProcessInitializeOnLoadMethodAttributes (25ms)
				AfterProcessingInitializeOnLoad (8ms)
				EditorAssembliesLoaded (1ms)
			ExecutionOrderSort2 (0ms)
			AwakeInstancesAfterBackupRestoration (19ms)
Platform modules already initialized, skipping
Refreshing native plugins compatible for Editor in 2.24 ms, found 2 plugins.
Preloading 0 native plugins for Editor in 0.00 ms.
Unloading 2415 Unused Serialized files (Serialized files now loaded: 0)
System memory in use before: 102.2 MB.
System memory in use after: 102.0 MB.

Unloading 27 unused Assets to reduce memory usage. Loaded Objects now: 2926.
Total: 50.081200 ms (FindLiveObjects: 16.434700 ms CreateObjectMapping: 0.207200 ms MarkObjects: 32.770500 ms  DeleteObjects: 0.664300 ms)

AssetImportParameters requested are different than current active one (requested -> active):
  custom:framework-win-MediaFoundation: 216162199b28c13a410421893ffa2e32 -> 
  custom:video-decoder-ogg-theora: a1e56fd34408186e4bbccfd4996cb3dc -> 
  custom:container-muxer-webm: aa71ff27fc2769a1b78a27578f13a17b -> 
  custom:container-demuxer-webm: 4f35f7cbe854078d1ac9338744f61a02 -> 
  custom:container-demuxer-ogg: 62fdf1f143b41e24485cea50d1cbac27 -> 
  custom:video-encoder-webm-vp8: eb34c28f22e8b96e1ab97ce403110664 -> 
  custom:video-decoder-webm-vp8: 9c59270c3fd7afecdb556c50c9e8de78 -> 
  custom:audio-decoder-ogg-vorbis: bf7c407c2cedff20999df2af8eb42d56 -> 
  custom:audio-encoder-webm-vorbis: bf7c407c2cedff20999df2af8eb42d56 -> 
========================================================================
Received Prepare
Registering precompiled user dll's ...
Registered in 0.111074 seconds.
Begin MonoManager ReloadAssembly
Native extension for WindowsStandalone target not found
Refreshing native plugins compatible for Editor in 1.14 ms, found 2 plugins.
Preloading 0 native plugins for Editor in 0.00 ms.
Mono: successfully reloaded assembly
- Completed reload, in  6.179 seconds
Domain Reload Profiling:
	ReloadAssembly (6180ms)
		BeginReloadAssembly (558ms)
			ExecutionOrderSort (0ms)
			DisableScriptedObjects (20ms)
			BackupInstance (0ms)
			ReleaseScriptingObjects (0ms)
			CreateAndSetChildDomain (174ms)
		EndReloadAssembly (5428ms)
			LoadAssemblies (465ms)
			RebuildTransferFunctionScriptingTraits (0ms)
			SetupTypeCache (1386ms)
			ReleaseScriptCaches (4ms)
			RebuildScriptCaches (225ms)
			SetupLoadedEditorAssemblies (3096ms)
				LogAssemblyErrors (0ms)
				InitializePlatformSupportModulesInManaged (15ms)
				SetLoadedEditorAssemblies (1ms)
				RefreshPlugins (1ms)
				BeforeProcessingInitializeOnLoad (2071ms)
				ProcessInitializeOnLoadAttributes (975ms)
				ProcessInitializeOnLoadMethodAttributes (23ms)
				AfterProcessingInitializeOnLoad (8ms)
				EditorAssembliesLoaded (1ms)
			ExecutionOrderSort2 (0ms)
			AwakeInstancesAfterBackupRestoration (20ms)
Platform modules already initialized, skipping
Refreshing native plugins compatible for Editor in 1.93 ms, found 2 plugins.
Preloading 0 native plugins for Editor in 0.00 ms.
Unloading 2416 Unused Serialized files (Serialized files now loaded: 0)
System memory in use before: 102.2 MB.
System memory in use after: 102.1 MB.

Unloading 27 unused Assets to reduce memory usage. Loaded Objects now: 2929.
Total: 17.039300 ms (FindLiveObjects: 0.546000 ms CreateObjectMapping: 0.211900 ms MarkObjects: 15.825500 ms  DeleteObjects: 0.453400 ms)

AssetImportParameters requested are different than current active one (requested -> active):
  custom:framework-win-MediaFoundation: 216162199b28c13a410421893ffa2e32 -> 
  custom:video-decoder-ogg-theora: a1e56fd34408186e4bbccfd4996cb3dc -> 
  custom:container-muxer-webm: aa71ff27fc2769a1b78a27578f13a17b -> 
  custom:container-demuxer-webm: 4f35f7cbe854078d1ac9338744f61a02 -> 
  custom:container-demuxer-ogg: 62fdf1f143b41e24485cea50d1cbac27 -> 
  custom:video-encoder-webm-vp8: eb34c28f22e8b96e1ab97ce403110664 -> 
  custom:video-decoder-webm-vp8: 9c59270c3fd7afecdb556c50c9e8de78 -> 
  custom:audio-decoder-ogg-vorbis: bf7c407c2cedff20999df2af8eb42d56 -> 
  custom:audio-encoder-webm-vorbis: bf7c407c2cedff20999df2af8eb42d56 -> 
========================================================================
Received Prepare
Registering precompiled user dll's ...
Registered in 0.025403 seconds.
Begin MonoManager ReloadAssembly
Native extension for WindowsStandalone target not found
Refreshing native plugins compatible for Editor in 62.85 ms, found 2 plugins.
Preloading 0 native plugins for Editor in 0.00 ms.
Mono: successfully reloaded assembly
- Completed reload, in 13.760 seconds
Domain Reload Profiling:
	ReloadAssembly (13762ms)
		BeginReloadAssembly (379ms)
			ExecutionOrderSort (0ms)
			DisableScriptedObjects (20ms)
			BackupInstance (0ms)
			ReleaseScriptingObjects (0ms)
			CreateAndSetChildDomain (130ms)
		EndReloadAssembly (12947ms)
			LoadAssemblies (361ms)
			RebuildTransferFunctionScriptingTraits (0ms)
			SetupTypeCache (2912ms)
			ReleaseScriptCaches (6ms)
			RebuildScriptCaches (7593ms)
			SetupLoadedEditorAssemblies (1634ms)
				LogAssemblyErrors (0ms)
				InitializePlatformSupportModulesInManaged (60ms)
				SetLoadedEditorAssemblies (2ms)
				RefreshPlugins (63ms)
				BeforeProcessingInitializeOnLoad (364ms)
				ProcessInitializeOnLoadAttributes (1111ms)
				ProcessInitializeOnLoadMethodAttributes (24ms)
				AfterProcessingInitializeOnLoad (9ms)
				EditorAssembliesLoaded (1ms)
			ExecutionOrderSort2 (0ms)
			AwakeInstancesAfterBackupRestoration (24ms)
Platform modules already initialized, skipping
Refreshing native plugins compatible for Editor in 1.10 ms, found 2 plugins.
Preloading 0 native plugins for Editor in 0.00 ms.
Unloading 2416 Unused Serialized files (Serialized files now loaded: 0)
System memory in use before: 102.2 MB.
System memory in use after: 102.1 MB.

Unloading 27 unused Assets to reduce memory usage. Loaded Objects now: 2931.
Total: 11.354200 ms (FindLiveObjects: 0.501900 ms CreateObjectMapping: 0.142100 ms MarkObjects: 10.228000 ms  DeleteObjects: 0.479700 ms)

AssetImportParameters requested are different than current active one (requested -> active):
  custom:framework-win-MediaFoundation: 216162199b28c13a410421893ffa2e32 -> 
  custom:video-decoder-ogg-theora: a1e56fd34408186e4bbccfd4996cb3dc -> 
  custom:container-muxer-webm: aa71ff27fc2769a1b78a27578f13a17b -> 
  custom:container-demuxer-webm: 4f35f7cbe854078d1ac9338744f61a02 -> 
  custom:container-demuxer-ogg: 62fdf1f143b41e24485cea50d1cbac27 -> 
  custom:video-encoder-webm-vp8: eb34c28f22e8b96e1ab97ce403110664 -> 
  custom:video-decoder-webm-vp8: 9c59270c3fd7afecdb556c50c9e8de78 -> 
  custom:audio-decoder-ogg-vorbis: bf7c407c2cedff20999df2af8eb42d56 -> 
  custom:audio-encoder-webm-vorbis: bf7c407c2cedff20999df2af8eb42d56 -> 
========================================================================
Received Import Request.
  Time since last request: 264.651190 seconds.
  path: Assets/Scene 1/Model/FlashLight/model/textures/DefaultMaterial_AO.jpg
  artifactKey: Guid(db32681d3faa9d94daa4147d83045c72) Importer(815301076,1909f56bfc062723c751e8b465ee728b)
Start importing Assets/Scene 1/Model/FlashLight/model/textures/DefaultMaterial_AO.jpg using Guid(db32681d3faa9d94daa4147d83045c72) Importer(815301076,1909f56bfc062723c751e8b465ee728b)  -> (artifact id: '595dbe0af3c1e6c0691ac214886dec7f') in 0.186301 seconds 
  Import took 0.194541 seconds .

========================================================================
Received Import Request.
  Time since last request: 0.000353 seconds.
  path: Assets/Scene 1/Model/FlashLight/model/textures/DefaultMaterial_albedo.jpg
  artifactKey: Guid(4c3bb1184760f81429f89605f416aa63) Importer(815301076,1909f56bfc062723c751e8b465ee728b)
Start importing Assets/Scene 1/Model/FlashLight/model/textures/DefaultMaterial_albedo.jpg using Guid(4c3bb1184760f81429f89605f416aa63) Importer(815301076,1909f56bfc062723c751e8b465ee728b)  -> (artifact id: '53b08b8740c7c56e323a6a0d187c2cf1') in 0.092884 seconds 
  Import took 0.099566 seconds .

========================================================================
Received Import Request.
  Time since last request: 0.000360 seconds.
  path: Assets/Scene/Model/FlashLight/model/textures/DefaultMaterial_albedo.jpg
  artifactKey: Guid(c38169a3c217cee4381e9cf69c061642) Importer(815301076,1909f56bfc062723c751e8b465ee728b)
Start importing Assets/Scene/Model/FlashLight/model/textures/DefaultMaterial_albedo.jpg using Guid(c38169a3c217cee4381e9cf69c061642) Importer(815301076,1909f56bfc062723c751e8b465ee728b)  -> (artifact id: '4e46f5aec9b9d13b6351a8d99c840472') in 0.083502 seconds 
  Import took 0.092360 seconds .

========================================================================
Received Import Request.
  Time since last request: 0.000397 seconds.
  path: Assets/Scene/Model/FlashLight/model/textures/DefaultMaterial_AO.jpg
  artifactKey: Guid(c290da5f7ebf5ae4b843929b07549e5f) Importer(815301076,1909f56bfc062723c751e8b465ee728b)
Start importing Assets/Scene/Model/FlashLight/model/textures/DefaultMaterial_AO.jpg using Guid(c290da5f7ebf5ae4b843929b07549e5f) Importer(815301076,1909f56bfc062723c751e8b465ee728b)  -> (artifact id: '25e562d39e8cc225c771fcb64e04d0ad') in 0.021587 seconds 
  Import took 0.029246 seconds .

========================================================================
Received Import Request.
  Time since last request: 0.000273 seconds.
  path: Assets/Scene 1/Model/FlashLight/model/textures/DefaultMaterial_emissive.jpg
  artifactKey: Guid(0ad7110e9b7140f44bbde556afc30062) Importer(815301076,1909f56bfc062723c751e8b465ee728b)
Start importing Assets/Scene 1/Model/FlashLight/model/textures/DefaultMaterial_emissive.jpg using Guid(0ad7110e9b7140f44bbde556afc30062) Importer(815301076,1909f56bfc062723c751e8b465ee728b)  -> (artifact id: 'e1aab4d93098d62ead6837be4e6708a0') in 0.110089 seconds 
  Import took 0.116487 seconds .

========================================================================
Received Import Request.
  Time since last request: 507.998596 seconds.
  path: Assets/Scriptss/Player/Inventiory/InventoryItemObject.cs
  artifactKey: Guid(00b438c4363bc6d4093f46ac6ea3f8f2) Importer(815301076,1909f56bfc062723c751e8b465ee728b)
Start importing Assets/Scriptss/Player/Inventiory/InventoryItemObject.cs using Guid(00b438c4363bc6d4093f46ac6ea3f8f2) Importer(815301076,1909f56bfc062723c751e8b465ee728b)  -> (artifact id: '71b1cfcb3084e4d72d9337831d87c8e2') in 0.040103 seconds 
  Import took 0.049706 seconds .

========================================================================
Received Import Request.
  Time since last request: 0.534119 seconds.
  path: Assets/Scriptss/Player/Inventiory/InvItem.cs
  artifactKey: Guid(d5879c504f1e2a946b5c7687a29b680c) Importer(815301076,1909f56bfc062723c751e8b465ee728b)
Start importing Assets/Scriptss/Player/Inventiory/InvItem.cs using Guid(d5879c504f1e2a946b5c7687a29b680c) Importer(815301076,1909f56bfc062723c751e8b465ee728b)  -> (artifact id: 'bab012a59e892ed81949ee48c01cbb68') in 0.009270 seconds 
  Import took 0.022790 seconds .

========================================================================
Received Prepare
Registering precompiled user dll's ...
Registered in 0.024310 seconds.
Begin MonoManager ReloadAssembly
Native extension for WindowsStandalone target not found
Refreshing native plugins compatible for Editor in 1.68 ms, found 2 plugins.
Preloading 0 native plugins for Editor in 0.00 ms.
Mono: successfully reloaded assembly
- Completed reload, in  4.066 seconds
Domain Reload Profiling:
	ReloadAssembly (4068ms)
		BeginReloadAssembly (380ms)
			ExecutionOrderSort (0ms)
			DisableScriptedObjects (21ms)
			BackupInstance (0ms)
			ReleaseScriptingObjects (0ms)
			CreateAndSetChildDomain (137ms)
		EndReloadAssembly (3503ms)
			LoadAssemblies (332ms)
			RebuildTransferFunctionScriptingTraits (0ms)
			SetupTypeCache (1101ms)
			ReleaseScriptCaches (3ms)
			RebuildScriptCaches (174ms)
			SetupLoadedEditorAssemblies (1607ms)
				LogAssemblyErrors (0ms)
				InitializePlatformSupportModulesInManaged (15ms)
				SetLoadedEditorAssemblies (2ms)
				RefreshPlugins (2ms)
				BeforeProcessingInitializeOnLoad (336ms)
				ProcessInitializeOnLoadAttributes (1202ms)
				ProcessInitializeOnLoadMethodAttributes (41ms)
				AfterProcessingInitializeOnLoad (8ms)
				EditorAssembliesLoaded (1ms)
			ExecutionOrderSort2 (0ms)
			AwakeInstancesAfterBackupRestoration (21ms)
Platform modules already initialized, skipping
Refreshing native plugins compatible for Editor in 1.34 ms, found 2 plugins.
Preloading 0 native plugins for Editor in 0.00 ms.
Unloading 2415 Unused Serialized files (Serialized files now loaded: 0)
System memory in use before: 102.2 MB.
System memory in use after: 102.0 MB.

Unloading 28 unused Assets to reduce memory usage. Loaded Objects now: 2932.
Total: 35.582400 ms (FindLiveObjects: 0.610300 ms CreateObjectMapping: 0.193200 ms MarkObjects: 33.636800 ms  DeleteObjects: 1.138900 ms)

AssetImportParameters requested are different than current active one (requested -> active):
  custom:framework-win-MediaFoundation: 216162199b28c13a410421893ffa2e32 -> 
  custom:video-decoder-ogg-theora: a1e56fd34408186e4bbccfd4996cb3dc -> 
  custom:container-muxer-webm: aa71ff27fc2769a1b78a27578f13a17b -> 
  custom:container-demuxer-webm: 4f35f7cbe854078d1ac9338744f61a02 -> 
  custom:container-demuxer-ogg: 62fdf1f143b41e24485cea50d1cbac27 -> 
  custom:video-encoder-webm-vp8: eb34c28f22e8b96e1ab97ce403110664 -> 
  custom:video-decoder-webm-vp8: 9c59270c3fd7afecdb556c50c9e8de78 -> 
  custom:audio-decoder-ogg-vorbis: bf7c407c2cedff20999df2af8eb42d56 -> 
  custom:audio-encoder-webm-vorbis: bf7c407c2cedff20999df2af8eb42d56 -> 
========================================================================
Received Prepare
Registering precompiled user dll's ...
Registered in 0.142368 seconds.
Begin MonoManager ReloadAssembly
Native extension for WindowsStandalone target not found
Refreshing native plugins compatible for Editor in 0.99 ms, found 2 plugins.
Preloading 0 native plugins for Editor in 0.00 ms.
Mono: successfully reloaded assembly
- Completed reload, in 30.588 seconds
Domain Reload Profiling:
	ReloadAssembly (30589ms)
		BeginReloadAssembly (1231ms)
			ExecutionOrderSort (0ms)
			DisableScriptedObjects (13ms)
			BackupInstance (0ms)
			ReleaseScriptingObjects (0ms)
			CreateAndSetChildDomain (117ms)
		EndReloadAssembly (29103ms)
			LoadAssemblies (870ms)
			RebuildTransferFunctionScriptingTraits (0ms)
			SetupTypeCache (1931ms)
			ReleaseScriptCaches (5ms)
			RebuildScriptCaches (289ms)
			SetupLoadedEditorAssemblies (26032ms)
				LogAssemblyErrors (0ms)
				InitializePlatformSupportModulesInManaged (18ms)
				SetLoadedEditorAssemblies (1ms)
				RefreshPlugins (1ms)
				BeforeProcessingInitializeOnLoad (11794ms)
				ProcessInitializeOnLoadAttributes (14157ms)
				ProcessInitializeOnLoadMethodAttributes (25ms)
				AfterProcessingInitializeOnLoad (35ms)
				EditorAssembliesLoaded (1ms)
			ExecutionOrderSort2 (0ms)
			AwakeInstancesAfterBackupRestoration (21ms)
Platform modules already initialized, skipping
Refreshing native plugins compatible for Editor in 1.11 ms, found 2 plugins.
Preloading 0 native plugins for Editor in 0.00 ms.
Unloading 2415 Unused Serialized files (Serialized files now loaded: 0)
System memory in use before: 102.2 MB.
System memory in use after: 102.0 MB.

Unloading 27 unused Assets to reduce memory usage. Loaded Objects now: 2934.
Total: 26.143400 ms (FindLiveObjects: 0.612400 ms CreateObjectMapping: 0.181500 ms MarkObjects: 24.936800 ms  DeleteObjects: 0.409200 ms)

AssetImportParameters requested are different than current active one (requested -> active):
  custom:framework-win-MediaFoundation: 216162199b28c13a410421893ffa2e32 -> 
  custom:video-decoder-ogg-theora: a1e56fd34408186e4bbccfd4996cb3dc -> 
  custom:container-muxer-webm: aa71ff27fc2769a1b78a27578f13a17b -> 
  custom:container-demuxer-webm: 4f35f7cbe854078d1ac9338744f61a02 -> 
  custom:container-demuxer-ogg: 62fdf1f143b41e24485cea50d1cbac27 -> 
  custom:video-encoder-webm-vp8: eb34c28f22e8b96e1ab97ce403110664 -> 
  custom:video-decoder-webm-vp8: 9c59270c3fd7afecdb556c50c9e8de78 -> 
  custom:audio-decoder-ogg-vorbis: bf7c407c2cedff20999df2af8eb42d56 -> 
  custom:audio-encoder-webm-vorbis: bf7c407c2cedff20999df2af8eb42d56 -> 
========================================================================
Received Prepare
Registering precompiled user dll's ...
Registered in 0.017210 seconds.
Begin MonoManager ReloadAssembly
Native extension for WindowsStandalone target not found
Refreshing native plugins compatible for Editor in 1.03 ms, found 2 plugins.
Preloading 0 native plugins for Editor in 0.00 ms.
Mono: successfully reloaded assembly
- Completed reload, in  7.455 seconds
Domain Reload Profiling:
	ReloadAssembly (7457ms)
		BeginReloadAssembly (469ms)
			ExecutionOrderSort (0ms)
			DisableScriptedObjects (16ms)
			BackupInstance (0ms)
			ReleaseScriptingObjects (0ms)
			CreateAndSetChildDomain (89ms)
		EndReloadAssembly (6723ms)
			LoadAssemblies (463ms)
			RebuildTransferFunctionScriptingTraits (0ms)
			SetupTypeCache (1731ms)
			ReleaseScriptCaches (3ms)
			RebuildScriptCaches (232ms)
			SetupLoadedEditorAssemblies (1509ms)
				LogAssemblyErrors (0ms)
				InitializePlatformSupportModulesInManaged (21ms)
				SetLoadedEditorAssemblies (1ms)
				RefreshPlugins (2ms)
				BeforeProcessingInitializeOnLoad (336ms)
				ProcessInitializeOnLoadAttributes (1105ms)
				ProcessInitializeOnLoadMethodAttributes (31ms)
				AfterProcessingInitializeOnLoad (13ms)
				EditorAssembliesLoaded (1ms)
			ExecutionOrderSort2 (0ms)
			AwakeInstancesAfterBackupRestoration (31ms)
Platform modules already initialized, skipping
Refreshing native plugins compatible for Editor in 1.22 ms, found 2 plugins.
Preloading 0 native plugins for Editor in 0.00 ms.
Unloading 2415 Unused Serialized files (Serialized files now loaded: 0)
System memory in use before: 102.2 MB.
System memory in use after: 102.0 MB.

Unloading 27 unused Assets to reduce memory usage. Loaded Objects now: 2936.
Total: 15.144300 ms (FindLiveObjects: 0.697800 ms CreateObjectMapping: 0.575600 ms MarkObjects: 13.435000 ms  DeleteObjects: 0.433500 ms)

AssetImportParameters requested are different than current active one (requested -> active):
  custom:framework-win-MediaFoundation: 216162199b28c13a410421893ffa2e32 -> 
  custom:video-decoder-ogg-theora: a1e56fd34408186e4bbccfd4996cb3dc -> 
  custom:container-muxer-webm: aa71ff27fc2769a1b78a27578f13a17b -> 
  custom:container-demuxer-webm: 4f35f7cbe854078d1ac9338744f61a02 -> 
  custom:container-demuxer-ogg: 62fdf1f143b41e24485cea50d1cbac27 -> 
  custom:video-encoder-webm-vp8: eb34c28f22e8b96e1ab97ce403110664 -> 
  custom:video-decoder-webm-vp8: 9c59270c3fd7afecdb556c50c9e8de78 -> 
  custom:audio-decoder-ogg-vorbis: bf7c407c2cedff20999df2af8eb42d56 -> 
  custom:audio-encoder-webm-vorbis: bf7c407c2cedff20999df2af8eb42d56 -> 
========================================================================
Received Import Request.
  Time since last request: 398.459773 seconds.
  path: Assets/Scriptss/Player/Inventiory/InventoryItemObject.cs
  artifactKey: Guid(00b438c4363bc6d4093f46ac6ea3f8f2) Importer(815301076,1909f56bfc062723c751e8b465ee728b)
Start importing Assets/Scriptss/Player/Inventiory/InventoryItemObject.cs using Guid(00b438c4363bc6d4093f46ac6ea3f8f2) Importer(815301076,1909f56bfc062723c751e8b465ee728b)  -> (artifact id: '45a6c60e8ac84fe684b2b076684c3f94') in 0.136864 seconds 
  Import took 0.149942 seconds .

========================================================================
Received Import Request.
  Time since last request: 300.297672 seconds.
  path: Assets/Scriptss/Player/Inventiory/InventoryItemObject.cs
  artifactKey: Guid(00b438c4363bc6d4093f46ac6ea3f8f2) Importer(815301076,1909f56bfc062723c751e8b465ee728b)
Start importing Assets/Scriptss/Player/Inventiory/InventoryItemObject.cs using Guid(00b438c4363bc6d4093f46ac6ea3f8f2) Importer(815301076,1909f56bfc062723c751e8b465ee728b)  -> (artifact id: '66c698bf579257ffb359dc1c98d28048') in 0.130210 seconds 
  Import took 0.171016 seconds .

========================================================================
Received Prepare
Registering precompiled user dll's ...
Registered in 0.054882 seconds.
Begin MonoManager ReloadAssembly
Native extension for WindowsStandalone target not found
Refreshing native plugins compatible for Editor in 2.63 ms, found 2 plugins.
Preloading 0 native plugins for Editor in 0.00 ms.
Mono: successfully reloaded assembly
- Completed reload, in  8.463 seconds
Domain Reload Profiling:
	ReloadAssembly (8472ms)
		BeginReloadAssembly (1331ms)
			ExecutionOrderSort (0ms)
			DisableScriptedObjects (79ms)
			BackupInstance (0ms)
			ReleaseScriptingObjects (0ms)
			CreateAndSetChildDomain (756ms)
		EndReloadAssembly (6947ms)
			LoadAssemblies (829ms)
			RebuildTransferFunctionScriptingTraits (0ms)
			SetupTypeCache (4162ms)
			ReleaseScriptCaches (3ms)
			RebuildScriptCaches (172ms)
			SetupLoadedEditorAssemblies (1421ms)
				LogAssemblyErrors (0ms)
				InitializePlatformSupportModulesInManaged (90ms)
				SetLoadedEditorAssemblies (1ms)
				RefreshPlugins (3ms)
				BeforeProcessingInitializeOnLoad (331ms)
				ProcessInitializeOnLoadAttributes (954ms)
				ProcessInitializeOnLoadMethodAttributes (33ms)
				AfterProcessingInitializeOnLoad (8ms)
				EditorAssembliesLoaded (1ms)
			ExecutionOrderSort2 (0ms)
			AwakeInstancesAfterBackupRestoration (21ms)
Platform modules already initialized, skipping
Refreshing native plugins compatible for Editor in 1.14 ms, found 2 plugins.
Preloading 0 native plugins for Editor in 0.00 ms.
Unloading 2415 Unused Serialized files (Serialized files now loaded: 0)
System memory in use before: 102.2 MB.
System memory in use after: 102.1 MB.

Unloading 27 unused Assets to reduce memory usage. Loaded Objects now: 2938.
Total: 27.726900 ms (FindLiveObjects: 0.634900 ms CreateObjectMapping: 0.193200 ms MarkObjects: 25.003100 ms  DeleteObjects: 1.892700 ms)

AssetImportParameters requested are different than current active one (requested -> active):
  custom:framework-win-MediaFoundation: 216162199b28c13a410421893ffa2e32 -> 
  custom:video-decoder-ogg-theora: a1e56fd34408186e4bbccfd4996cb3dc -> 
  custom:container-muxer-webm: aa71ff27fc2769a1b78a27578f13a17b -> 
  custom:container-demuxer-webm: 4f35f7cbe854078d1ac9338744f61a02 -> 
  custom:container-demuxer-ogg: 62fdf1f143b41e24485cea50d1cbac27 -> 
  custom:video-encoder-webm-vp8: eb34c28f22e8b96e1ab97ce403110664 -> 
  custom:video-decoder-webm-vp8: 9c59270c3fd7afecdb556c50c9e8de78 -> 
  custom:audio-decoder-ogg-vorbis: bf7c407c2cedff20999df2af8eb42d56 -> 
  custom:audio-encoder-webm-vorbis: bf7c407c2cedff20999df2af8eb42d56 -> 
========================================================================
Received Import Request.
  Time since last request: 125.509018 seconds.
  path: Assets/Scriptss/Player/Inventiory/InventoryScirptable/ItemNew.asset
  artifactKey: Guid(031b109e039861c4b9999d4e60896431) Importer(815301076,1909f56bfc062723c751e8b465ee728b)
Start importing Assets/Scriptss/Player/Inventiory/InventoryScirptable/ItemNew.asset using Guid(031b109e039861c4b9999d4e60896431) Importer(815301076,1909f56bfc062723c751e8b465ee728b)  -> (artifact id: 'd52fdc7fa4f9b55f89a0ec5e74f39a8b') in 0.106372 seconds 
  Import took 0.115008 seconds .

========================================================================
Received Prepare
Registering precompiled user dll's ...
Registered in 0.024985 seconds.
Begin MonoManager ReloadAssembly
Native extension for WindowsStandalone target not found
Refreshing native plugins compatible for Editor in 1.70 ms, found 2 plugins.
Preloading 0 native plugins for Editor in 0.00 ms.
Mono: successfully reloaded assembly
- Completed reload, in  7.503 seconds
Domain Reload Profiling:
	ReloadAssembly (7503ms)
		BeginReloadAssembly (570ms)
			ExecutionOrderSort (0ms)
			DisableScriptedObjects (15ms)
			BackupInstance (0ms)
			ReleaseScriptingObjects (0ms)
			CreateAndSetChildDomain (106ms)
		EndReloadAssembly (6624ms)
			LoadAssemblies (386ms)
			RebuildTransferFunctionScriptingTraits (0ms)
			SetupTypeCache (3492ms)
			ReleaseScriptCaches (3ms)
			RebuildScriptCaches (159ms)
			SetupLoadedEditorAssemblies (2081ms)
				LogAssemblyErrors (0ms)
				InitializePlatformSupportModulesInManaged (15ms)
				SetLoadedEditorAssemblies (1ms)
				RefreshPlugins (2ms)
				BeforeProcessingInitializeOnLoad (524ms)
				ProcessInitializeOnLoadAttributes (1502ms)
				ProcessInitializeOnLoadMethodAttributes (28ms)
				AfterProcessingInitializeOnLoad (9ms)
				EditorAssembliesLoaded (1ms)
			ExecutionOrderSort2 (0ms)
			AwakeInstancesAfterBackupRestoration (89ms)
Platform modules already initialized, skipping
Refreshing native plugins compatible for Editor in 2.30 ms, found 2 plugins.
Preloading 0 native plugins for Editor in 0.00 ms.
Unloading 2415 Unused Serialized files (Serialized files now loaded: 0)
System memory in use before: 102.2 MB.
System memory in use after: 102.1 MB.

Unloading 27 unused Assets to reduce memory usage. Loaded Objects now: 2940.
Total: 31.630500 ms (FindLiveObjects: 0.998500 ms CreateObjectMapping: 0.351100 ms MarkObjects: 28.320900 ms  DeleteObjects: 1.956400 ms)

AssetImportParameters requested are different than current active one (requested -> active):
  custom:framework-win-MediaFoundation: 216162199b28c13a410421893ffa2e32 -> 
  custom:video-decoder-ogg-theora: a1e56fd34408186e4bbccfd4996cb3dc -> 
  custom:container-muxer-webm: aa71ff27fc2769a1b78a27578f13a17b -> 
  custom:container-demuxer-webm: 4f35f7cbe854078d1ac9338744f61a02 -> 
  custom:container-demuxer-ogg: 62fdf1f143b41e24485cea50d1cbac27 -> 
  custom:video-encoder-webm-vp8: eb34c28f22e8b96e1ab97ce403110664 -> 
  custom:video-decoder-webm-vp8: 9c59270c3fd7afecdb556c50c9e8de78 -> 
  custom:audio-decoder-ogg-vorbis: bf7c407c2cedff20999df2af8eb42d56 -> 
  custom:audio-encoder-webm-vorbis: bf7c407c2cedff20999df2af8eb42d56 -> 
AssetImportWorkerClient::OnTransportError - code=2 error=End of file
