Using pre-set license
Built from '2020.3/staging' branch; Version is '2020.3.22f1 (e1a7f79fd887) revision 14788599'; Using compiler version '192528614'; Build Type 'Release'
OS: 'Windows 10 Pro; OS build 19044.3086; Version 2009; 64bit' Language: 'en' Physical Memory: 3965 MB
BatchMode: 1, IsHumanControllingUs: 0, StartBugReporterOnCrash: 0, Is64bit: 1, IsPro: 0

COMMAND LINE ARGUMENTS:
D:\Unity\Unity-all\2020.3.22f1\Editor\Unity.exe
-adb2
-batchMode
-noUpm
-name
AssetImportWorker20
-projectPath
D:/EXOS LIGHT AV1
-logFile
Logs/AssetImportWorker20.log
-srvPort
1313
Successfully changed project path to: D:/EXOS LIGHT AV1
D:/EXOS LIGHT AV1
Using Asset Import Pipeline V2.
Refreshing native plugins compatible for Editor in 108.38 ms, found 2 plugins.
Preloading 0 native plugins for Editor in 0.00 ms.
Initialize engine version: 2020.3.22f1 (e1a7f79fd887)
[Subsystems] Discovering subsystems at path D:/Unity/Unity-all/2020.3.22f1/Editor/Data/Resources/UnitySubsystems
[Subsystems] Discovering subsystems at path D:/EXOS LIGHT AV1/Assets
GfxDevice: creating device client; threaded=0
Direct3D:
    Version:  Direct3D 11.0 [level 10.0]
    Renderer: Intel(R) G41 Express Chipset (ID=0x2e32)
    Vendor:   
    VRAM:     128 MB
    Driver:   8.15.10.2413
Initialize mono
Mono path[0] = 'D:/Unity/Unity-all/2020.3.22f1/Editor/Data/Managed'
Mono path[1] = 'D:/Unity/Unity-all/2020.3.22f1/Editor/Data/MonoBleedingEdge/lib/mono/unityjit'
Mono config path = 'D:/Unity/Unity-all/2020.3.22f1/Editor/Data/MonoBleedingEdge/etc'
Using monoOptions --debugger-agent=transport=dt_socket,embedding=1,server=y,suspend=n,address=127.0.0.1:56788
Begin MonoManager ReloadAssembly
Registering precompiled unity dll's ...
Register platform support module: D:/Unity/Unity-all/2020.3.22f1/Editor/Data/PlaybackEngines/WindowsStandaloneSupport/UnityEditor.WindowsStandalone.Extensions.dll
Registered in 0.002496 seconds.
Native extension for WindowsStandalone target not found
Refreshing native plugins compatible for Editor in 107.23 ms, found 2 plugins.
Preloading 0 native plugins for Editor in 0.00 ms.
Mono: successfully reloaded assembly
- Completed reload, in  6.554 seconds
Domain Reload Profiling:
	ReloadAssembly (6554ms)
		BeginReloadAssembly (128ms)
			ExecutionOrderSort (0ms)
			DisableScriptedObjects (0ms)
			BackupInstance (0ms)
			ReleaseScriptingObjects (0ms)
			CreateAndSetChildDomain (2ms)
		EndReloadAssembly (1110ms)
			LoadAssemblies (127ms)
			RebuildTransferFunctionScriptingTraits (0ms)
			SetupTypeCache (327ms)
			ReleaseScriptCaches (0ms)
			RebuildScriptCaches (77ms)
			SetupLoadedEditorAssemblies (369ms)
				LogAssemblyErrors (0ms)
				InitializePlatformSupportModulesInManaged (7ms)
				SetLoadedEditorAssemblies (0ms)
				RefreshPlugins (107ms)
				BeforeProcessingInitializeOnLoad (24ms)
				ProcessInitializeOnLoadAttributes (173ms)
				ProcessInitializeOnLoadMethodAttributes (56ms)
				AfterProcessingInitializeOnLoad (0ms)
				EditorAssembliesLoaded (1ms)
			ExecutionOrderSort2 (0ms)
			AwakeInstancesAfterBackupRestoration (0ms)
Platform modules already initialized, skipping
Registering precompiled user dll's ...
Registered in 0.017457 seconds.
Begin MonoManager ReloadAssembly
Native extension for WindowsStandalone target not found
Refreshing native plugins compatible for Editor in 116.35 ms, found 2 plugins.
Preloading 0 native plugins for Editor in 0.00 ms.
Mono: successfully reloaded assembly
- Completed reload, in 15.730 seconds
Domain Reload Profiling:
	ReloadAssembly (15731ms)
		BeginReloadAssembly (327ms)
			ExecutionOrderSort (0ms)
			DisableScriptedObjects (9ms)
			BackupInstance (0ms)
			ReleaseScriptingObjects (0ms)
			CreateAndSetChildDomain (34ms)
		EndReloadAssembly (15282ms)
			LoadAssemblies (253ms)
			RebuildTransferFunctionScriptingTraits (0ms)
			SetupTypeCache (996ms)
			ReleaseScriptCaches (1ms)
			RebuildScriptCaches (130ms)
			SetupLoadedEditorAssemblies (13704ms)
				LogAssemblyErrors (0ms)
				InitializePlatformSupportModulesInManaged (9ms)
				SetLoadedEditorAssemblies (0ms)
				RefreshPlugins (117ms)
				BeforeProcessingInitializeOnLoad (148ms)
				ProcessInitializeOnLoadAttributes (13405ms)
				ProcessInitializeOnLoadMethodAttributes (19ms)
				AfterProcessingInitializeOnLoad (6ms)
				EditorAssembliesLoaded (0ms)
			ExecutionOrderSort2 (0ms)
			AwakeInstancesAfterBackupRestoration (12ms)
Platform modules already initialized, skipping
========================================================================
Worker process is ready to serve import requests
Launched and connected shader compiler UnityShaderCompiler.exe after 0.12 seconds
Refreshing native plugins compatible for Editor in 1.19 ms, found 2 plugins.
Preloading 0 native plugins for Editor in 0.00 ms.
Unloading 2627 Unused Serialized files (Serialized files now loaded: 0)
System memory in use before: 133.9 MB.
System memory in use after: 133.9 MB.

Unloading 38 unused Assets to reduce memory usage. Loaded Objects now: 3103.
Total: 11.522400 ms (FindLiveObjects: 0.549800 ms CreateObjectMapping: 0.149700 ms MarkObjects: 10.387100 ms  DeleteObjects: 0.433800 ms)

AssetImportParameters requested are different than current active one (requested -> active):
  custom:framework-win-MediaFoundation: 216162199b28c13a410421893ffa2e32 -> 
  custom:video-decoder-ogg-theora: a1e56fd34408186e4bbccfd4996cb3dc -> 
  custom:container-muxer-webm: aa71ff27fc2769a1b78a27578f13a17b -> 
  custom:container-demuxer-webm: 4f35f7cbe854078d1ac9338744f61a02 -> 
  custom:container-demuxer-ogg: 62fdf1f143b41e24485cea50d1cbac27 -> 
  custom:video-encoder-webm-vp8: eb34c28f22e8b96e1ab97ce403110664 -> 
  custom:video-decoder-webm-vp8: 9c59270c3fd7afecdb556c50c9e8de78 -> 
  custom:audio-decoder-ogg-vorbis: bf7c407c2cedff20999df2af8eb42d56 -> 
  custom:audio-encoder-webm-vorbis: bf7c407c2cedff20999df2af8eb42d56 -> 
========================================================================
Received Import Request.
  path: Assets/ExosLightDiv/Prototyping/Materials/Decals/A1.mat
  artifactKey: Guid(e44d74942fc10164f900b7ca0d4b203e) Importer(815301076,1909f56bfc062723c751e8b465ee728b)
Start importing Assets/ExosLightDiv/Prototyping/Materials/Decals/A1.mat using Guid(e44d74942fc10164f900b7ca0d4b203e) Importer(815301076,1909f56bfc062723c751e8b465ee728b)  -> (artifact id: '901eebf0718e50c3dc8d937658687bd9') in 0.521573 seconds 
  Import took 0.530129 seconds .

========================================================================
Received Import Request.
  Time since last request: 0.000326 seconds.
  path: Assets/Animation/3dAnimation/TorchAnim/CrouchAnimation/CrouchWalkForward.fbx
  artifactKey: Guid(bc30c089de32cee4788b204aa9538ce9) Importer(815301076,1909f56bfc062723c751e8b465ee728b)
Start importing Assets/Animation/3dAnimation/TorchAnim/CrouchAnimation/CrouchWalkForward.fbx using Guid(bc30c089de32cee4788b204aa9538ce9) Importer(815301076,1909f56bfc062723c751e8b465ee728b)  -> (artifact id: '8b64944cf5226bdc29cbfa9abd617d8a') in 0.416337 seconds 
  Import took 0.430701 seconds .

========================================================================
Received Import Request.
  Time since last request: 0.000400 seconds.
  path: Packages/com.unity.render-pipelines.core/Runtime/Debugging/Prefabs/Widgets/DebugUI EnumHistory.prefab
  artifactKey: Guid(b2da6b27df236b144b3516ed8e7d36ac) Importer(815301076,1909f56bfc062723c751e8b465ee728b)
Start importing Packages/com.unity.render-pipelines.core/Runtime/Debugging/Prefabs/Widgets/DebugUI EnumHistory.prefab using Guid(b2da6b27df236b144b3516ed8e7d36ac) Importer(815301076,1909f56bfc062723c751e8b465ee728b)  -> (artifact id: 'c457be37de7cf02ba5a2b8aa5cc95479') in 0.097082 seconds 
  Import took 0.105310 seconds .

========================================================================
Received Import Request.
  Time since last request: 0.000285 seconds.
  path: Assets/ExosLightDiv/Content/Cinematic1/Model/tree/source/tree1.fbx
  artifactKey: Guid(6343aa74f0a596640b022eccb1d3b09c) Importer(815301076,1909f56bfc062723c751e8b465ee728b)
Start importing Assets/ExosLightDiv/Content/Cinematic1/Model/tree/source/tree1.fbx using Guid(6343aa74f0a596640b022eccb1d3b09c) Importer(815301076,1909f56bfc062723c751e8b465ee728b)  -> (artifact id: 'c617b489ab9c4710c4ae124979d929bf') in 0.598282 seconds 
  Import took 0.612452 seconds .

========================================================================
Received Import Request.
  Time since last request: 0.000361 seconds.
  path: Packages/com.unity.render-pipelines.core/Runtime/Debugging/Prefabs/Widgets/DebugUI Group.prefab
  artifactKey: Guid(38a07789c9e87004dad98c2909f58369) Importer(815301076,1909f56bfc062723c751e8b465ee728b)
Start importing Packages/com.unity.render-pipelines.core/Runtime/Debugging/Prefabs/Widgets/DebugUI Group.prefab using Guid(38a07789c9e87004dad98c2909f58369) Importer(815301076,1909f56bfc062723c751e8b465ee728b)  -> (artifact id: '8afb502932e89a104398ec762f6073c7') in 0.181089 seconds 
  Import took 0.216684 seconds .

========================================================================
Received Import Request.
  Time since last request: 0.008558 seconds.
  path: Assets/Animation/3dAnimation/TorchAnim/CrouchAnimation/CrouchToStandingTorchIdle.fbx
  artifactKey: Guid(8634797c19385fb40909de49e9c827d8) Importer(815301076,1909f56bfc062723c751e8b465ee728b)
Start importing Assets/Animation/3dAnimation/TorchAnim/CrouchAnimation/CrouchToStandingTorchIdle.fbx using Guid(8634797c19385fb40909de49e9c827d8) Importer(815301076,1909f56bfc062723c751e8b465ee728b)  -> (artifact id: 'b3057d10e706668271a501669349e92d') in 0.060989 seconds 
  Import took 0.238883 seconds .

========================================================================
Received Import Request.
  Time since last request: 0.000352 seconds.
  path: Assets/Animation/3dAnimation/TorchAnim/CrouchAnimation/CrouchIdle.fbx
  artifactKey: Guid(2d8648c4c748d3741844133d0ed12eda) Importer(815301076,1909f56bfc062723c751e8b465ee728b)
Start importing Assets/Animation/3dAnimation/TorchAnim/CrouchAnimation/CrouchIdle.fbx using Guid(2d8648c4c748d3741844133d0ed12eda) Importer(815301076,1909f56bfc062723c751e8b465ee728b)  -> (artifact id: '118a9dfab878294feb372fe9824632a4') in 0.091582 seconds 
  Import took 0.105862 seconds .

========================================================================
Received Import Request.
  Time since last request: 0.000310 seconds.
  path: Assets/Scene/Model/wooden-door/source/doow_wood.obj
  artifactKey: Guid(0548eff6e90abbd48af8c680a27e145d) Importer(815301076,1909f56bfc062723c751e8b465ee728b)
Start importing Assets/Scene/Model/wooden-door/source/doow_wood.obj using Guid(0548eff6e90abbd48af8c680a27e145d) Importer(815301076,1909f56bfc062723c751e8b465ee728b)  -> (artifact id: '214b0210b72547473480a917f44c50b6') in 0.187467 seconds 
  Import took 0.194572 seconds .

========================================================================
Received Import Request.
  Time since last request: 0.000373 seconds.
  path: Packages/com.unity.render-pipelines.core/Runtime/Debugging/Prefabs/Widgets/DebugUI Row.prefab
  artifactKey: Guid(2d019437ff89b8d44949727731cd9357) Importer(815301076,1909f56bfc062723c751e8b465ee728b)
Start importing Packages/com.unity.render-pipelines.core/Runtime/Debugging/Prefabs/Widgets/DebugUI Row.prefab using Guid(2d019437ff89b8d44949727731cd9357) Importer(815301076,1909f56bfc062723c751e8b465ee728b)  -> (artifact id: '17fe18e75ec0f2ff811eca3c93e59033') in 0.104099 seconds 
  Import took 0.111250 seconds .

========================================================================
Received Import Request.
  Time since last request: 0.000285 seconds.
  path: Packages/com.unity.render-pipelines.core/Runtime/Debugging/Prefabs/Widgets/DebugUI ToggleHistory.prefab
  artifactKey: Guid(5088d0220f0c4df439cf06c5c270eacb) Importer(815301076,1909f56bfc062723c751e8b465ee728b)
Start importing Packages/com.unity.render-pipelines.core/Runtime/Debugging/Prefabs/Widgets/DebugUI ToggleHistory.prefab using Guid(5088d0220f0c4df439cf06c5c270eacb) Importer(815301076,1909f56bfc062723c751e8b465ee728b)  -> (artifact id: 'c99603b12e42c656a7fb3cc69739c7c6') in 0.098288 seconds 
  Import took 0.112222 seconds .

========================================================================
Received Import Request.
  Time since last request: 0.000306 seconds.
  path: Assets/Scene/Model/FlashLight/model/model.dae
  artifactKey: Guid(0c6a4b8d56bc17d4182bf48f4661fae0) Importer(815301076,1909f56bfc062723c751e8b465ee728b)
Start importing Assets/Scene/Model/FlashLight/model/model.dae using Guid(0c6a4b8d56bc17d4182bf48f4661fae0) Importer(815301076,1909f56bfc062723c751e8b465ee728b)  -> (artifact id: '6b020fd1bacd1d3aee4915e7ee1ff312') in 0.345301 seconds 
  Import took 0.353865 seconds .

========================================================================
Received Import Request.
  Time since last request: 0.000447 seconds.
  path: Packages/com.unity.render-pipelines.core/Runtime/Debugging/Prefabs/Widgets/DebugUI Foldout.prefab
  artifactKey: Guid(1c87ab2ce8b8b304d98fbe9a734b1f74) Importer(815301076,1909f56bfc062723c751e8b465ee728b)
Start importing Packages/com.unity.render-pipelines.core/Runtime/Debugging/Prefabs/Widgets/DebugUI Foldout.prefab using Guid(1c87ab2ce8b8b304d98fbe9a734b1f74) Importer(815301076,1909f56bfc062723c751e8b465ee728b)  -> (artifact id: '5c3fe7dcf3664f93d0d614910fcc21d1') in 0.040386 seconds 
  Import took 0.048822 seconds .

========================================================================
Received Import Request.
  Time since last request: 0.000297 seconds.
  path: Assets/Animation/3dAnimation/Movement/jump.fbx
  artifactKey: Guid(51f72ecab5ec1c249a7e344d6a41523d) Importer(815301076,1909f56bfc062723c751e8b465ee728b)
Start importing Assets/Animation/3dAnimation/Movement/jump.fbx using Guid(51f72ecab5ec1c249a7e344d6a41523d) Importer(815301076,1909f56bfc062723c751e8b465ee728b)  -> (artifact id: 'f7551fc9d4d898057e24223054ea52df') in 0.062287 seconds 
  Import took 0.070975 seconds .

========================================================================
Received Import Request.
  Time since last request: 0.000314 seconds.
  path: Packages/com.unity.render-pipelines.core/Runtime/Debugging/Prefabs/Widgets/DebugUI Panel.prefab
  artifactKey: Guid(daa46a58178a6ad41ae1ddc2dc7f856d) Importer(815301076,1909f56bfc062723c751e8b465ee728b)
Start importing Packages/com.unity.render-pipelines.core/Runtime/Debugging/Prefabs/Widgets/DebugUI Panel.prefab using Guid(daa46a58178a6ad41ae1ddc2dc7f856d) Importer(815301076,1909f56bfc062723c751e8b465ee728b)  -> (artifact id: '90525d92a120443c0a9abb3b8852cf22') in 0.046706 seconds 
  Import took 0.053875 seconds .

========================================================================
Received Import Request.
  Time since last request: 0.000302 seconds.
  path: Packages/com.unity.render-pipelines.core/Runtime/Debugging/Prefabs/Widgets/DebugUI UIntField.prefab
  artifactKey: Guid(f22bcc84a5f4a1944b075a2c4ac71493) Importer(815301076,1909f56bfc062723c751e8b465ee728b)
Start importing Packages/com.unity.render-pipelines.core/Runtime/Debugging/Prefabs/Widgets/DebugUI UIntField.prefab using Guid(f22bcc84a5f4a1944b075a2c4ac71493) Importer(815301076,1909f56bfc062723c751e8b465ee728b)  -> (artifact id: '6e7ef1215a9624305038a72f4993b689') in 0.027038 seconds 
  Import took 0.034475 seconds .

========================================================================
Received Import Request.
  Time since last request: 0.000291 seconds.
  path: Assets/Animation/3dAnimation/TorchAnim/EquipTorch.fbx
  artifactKey: Guid(0080e96b2006c4644a123f5dc5a009e9) Importer(815301076,1909f56bfc062723c751e8b465ee728b)
Start importing Assets/Animation/3dAnimation/TorchAnim/EquipTorch.fbx using Guid(0080e96b2006c4644a123f5dc5a009e9) Importer(815301076,1909f56bfc062723c751e8b465ee728b)  -> (artifact id: '7b18c7ed9c34461aa200d00e54823bda') in 0.034654 seconds 
  Import took 0.042452 seconds .

========================================================================
Received Import Request.
  Time since last request: 0.000292 seconds.
  path: Packages/com.unity.render-pipelines.core/Runtime/Debugging/Prefabs/Widgets/DebugUI Button.prefab
  artifactKey: Guid(f6ce33b91f6ffe54cadacbf4bb112440) Importer(815301076,1909f56bfc062723c751e8b465ee728b)
Start importing Packages/com.unity.render-pipelines.core/Runtime/Debugging/Prefabs/Widgets/DebugUI Button.prefab using Guid(f6ce33b91f6ffe54cadacbf4bb112440) Importer(815301076,1909f56bfc062723c751e8b465ee728b)  -> (artifact id: 'f156d650df4486540cf57b67dcd83793') in 0.036463 seconds 
  Import took 0.043600 seconds .

========================================================================
Received Import Request.
  Time since last request: 0.000296 seconds.
  path: Packages/com.unity.render-pipelines.core/Runtime/Debugging/Prefabs/Widgets/DebugUI EnumField.prefab
  artifactKey: Guid(988db55689193434fb0b3b89538f978f) Importer(815301076,1909f56bfc062723c751e8b465ee728b)
Start importing Packages/com.unity.render-pipelines.core/Runtime/Debugging/Prefabs/Widgets/DebugUI EnumField.prefab using Guid(988db55689193434fb0b3b89538f978f) Importer(815301076,1909f56bfc062723c751e8b465ee728b)  -> (artifact id: '9119d7ed84615a08aa72b310287aeada') in 0.026180 seconds 
  Import took 0.032891 seconds .

========================================================================
Received Import Request.
  Time since last request: 0.000291 seconds.
  path: Packages/com.unity.render-pipelines.core/Runtime/Debugging/Prefabs/Widgets/DebugUI BitField.prefab
  artifactKey: Guid(7c78b588b2e1f7c4a86ca4a985cf6e4a) Importer(815301076,1909f56bfc062723c751e8b465ee728b)
Start importing Packages/com.unity.render-pipelines.core/Runtime/Debugging/Prefabs/Widgets/DebugUI BitField.prefab using Guid(7c78b588b2e1f7c4a86ca4a985cf6e4a) Importer(815301076,1909f56bfc062723c751e8b465ee728b)  -> (artifact id: '5e67e8107717c4b5644a650f7cc15d06') in 0.046181 seconds 
  Import took 0.054657 seconds .

========================================================================
Received Import Request.
  Time since last request: 0.000299 seconds.
  path: Assets/Animation/3dAnimation/TorchAnim/CrouchAnimation/CrouchWalkRight.fbx
  artifactKey: Guid(1568bacc42db24e4483a4dcf0eff9438) Importer(815301076,1909f56bfc062723c751e8b465ee728b)
Start importing Assets/Animation/3dAnimation/TorchAnim/CrouchAnimation/CrouchWalkRight.fbx using Guid(1568bacc42db24e4483a4dcf0eff9438) Importer(815301076,1909f56bfc062723c751e8b465ee728b)  -> (artifact id: '56dc012494df275b4050f08445589222') in 0.042944 seconds 
  Import took 0.049943 seconds .

========================================================================
Received Import Request.
  Time since last request: 0.000291 seconds.
  path: Assets/ExosLightDiv/Prototyping/Materials/Decals/B2.mat
  artifactKey: Guid(702eda4ddf8934941afe72c03e8d2495) Importer(815301076,1909f56bfc062723c751e8b465ee728b)
Start importing Assets/ExosLightDiv/Prototyping/Materials/Decals/B2.mat using Guid(702eda4ddf8934941afe72c03e8d2495) Importer(815301076,1909f56bfc062723c751e8b465ee728b)  -> (artifact id: 'a81a12225056e10d1517de0b84f1c9ef') in 0.091257 seconds 
  Import took 0.098260 seconds .

========================================================================
Received Import Request.
  Time since last request: 0.000553 seconds.
  path: Assets/ExosLightDiv/Content/StartScene/Model/EdisonBulb/CeillingLight/Lightbulb.fbx
  artifactKey: Guid(63b83363518328744810a828d7bab5d4) Importer(815301076,1909f56bfc062723c751e8b465ee728b)
Start importing Assets/ExosLightDiv/Content/StartScene/Model/EdisonBulb/CeillingLight/Lightbulb.fbx using Guid(63b83363518328744810a828d7bab5d4) Importer(815301076,1909f56bfc062723c751e8b465ee728b)  -> (artifact id: '8709ca2b3c64cab83dfbff1b75ba990d') in 0.120862 seconds 
  Import took 0.128061 seconds .

========================================================================
Received Import Request.
  Time since last request: 0.000290 seconds.
  path: Packages/com.unity.render-pipelines.core/Runtime/Debugging/Prefabs/Widgets/DebugUI Vector2.prefab
  artifactKey: Guid(326f7c58aed965d41bf7805a782d1e44) Importer(815301076,1909f56bfc062723c751e8b465ee728b)
Start importing Packages/com.unity.render-pipelines.core/Runtime/Debugging/Prefabs/Widgets/DebugUI Vector2.prefab using Guid(326f7c58aed965d41bf7805a782d1e44) Importer(815301076,1909f56bfc062723c751e8b465ee728b)  -> (artifact id: 'efaa9f02c5f33f6c3e48278ef1f378be') in 0.036893 seconds 
  Import took 0.046646 seconds .

========================================================================
Received Import Request.
  Time since last request: 0.000062 seconds.
  path: Assets/ExosLightDiv/Content/Cinematic1/Texture/CinMat.mat
  artifactKey: Guid(5990a7871924467438326c9bffccaa85) Importer(815301076,1909f56bfc062723c751e8b465ee728b)
Start importing Assets/ExosLightDiv/Content/Cinematic1/Texture/CinMat.mat using Guid(5990a7871924467438326c9bffccaa85) Importer(815301076,1909f56bfc062723c751e8b465ee728b)  -> (artifact id: 'df1ddde28eddbd6b72c504cf6c010a6a') in 0.287025 seconds 
  Import took 0.295968 seconds .

========================================================================
Received Import Request.
  Time since last request: 0.000445 seconds.
  path: Assets/Animation/3dAnimation/TorchAnim/CrouchAnimation/CrouchWalkBack.fbx
  artifactKey: Guid(091971ae43c08a447ba8e36549bfce68) Importer(815301076,1909f56bfc062723c751e8b465ee728b)
Start importing Assets/Animation/3dAnimation/TorchAnim/CrouchAnimation/CrouchWalkBack.fbx using Guid(091971ae43c08a447ba8e36549bfce68) Importer(815301076,1909f56bfc062723c751e8b465ee728b)  -> (artifact id: '52beec346e7851a668f5b0be9652fec1') in 0.042743 seconds 
  Import took 0.050447 seconds .

========================================================================
Received Import Request.
  Time since last request: 0.000299 seconds.
  path: Assets/Animation/3dAnimation/Movement/left strafe.fbx
  artifactKey: Guid(f15213ce060b32e47822493df5b2fb01) Importer(815301076,1909f56bfc062723c751e8b465ee728b)
Start importing Assets/Animation/3dAnimation/Movement/left strafe.fbx using Guid(f15213ce060b32e47822493df5b2fb01) Importer(815301076,1909f56bfc062723c751e8b465ee728b)  -> (artifact id: '43e9e11a85cb20bd10ab66ad72df45a0') in 0.043029 seconds 
  Import took 0.049927 seconds .

========================================================================
Received Import Request.
  Time since last request: 0.000297 seconds.
  path: Assets/ExosLightDiv/Content/StartScene/Model/OldTable/oldTabel.obj
  artifactKey: Guid(868bb70c9781fa64a85252a4954beced) Importer(815301076,1909f56bfc062723c751e8b465ee728b)
Start importing Assets/ExosLightDiv/Content/StartScene/Model/OldTable/oldTabel.obj using Guid(868bb70c9781fa64a85252a4954beced) Importer(815301076,1909f56bfc062723c751e8b465ee728b)  -> (artifact id: 'f5e7a02293c3b8a243738d23c9ea910f') in 0.331705 seconds 
  Import took 0.340000 seconds .

========================================================================
Received Import Request.
  Time since last request: 0.000318 seconds.
  path: Packages/com.unity.render-pipelines.core/Runtime/Debugging/Prefabs/Widgets/DebugUI Toggle.prefab
  artifactKey: Guid(ce347ad101f41ee4ab5c3fbc0ea447db) Importer(815301076,1909f56bfc062723c751e8b465ee728b)
Start importing Packages/com.unity.render-pipelines.core/Runtime/Debugging/Prefabs/Widgets/DebugUI Toggle.prefab using Guid(ce347ad101f41ee4ab5c3fbc0ea447db) Importer(815301076,1909f56bfc062723c751e8b465ee728b)  -> (artifact id: 'd54c056a84d15e05e20f7a2cf365953e') in 0.028086 seconds 
  Import took 0.035293 seconds .

========================================================================
Received Import Request.
  Time since last request: 0.000297 seconds.
  path: Assets/ExosLightDiv/Prototyping/Materials/Decals/A3.mat
  artifactKey: Guid(f46222c2c25ad05449ea2f0dfe7e6c79) Importer(815301076,1909f56bfc062723c751e8b465ee728b)
Start importing Assets/ExosLightDiv/Prototyping/Materials/Decals/A3.mat using Guid(f46222c2c25ad05449ea2f0dfe7e6c79) Importer(815301076,1909f56bfc062723c751e8b465ee728b)  -> (artifact id: '28429254180e08e41f5863371adc33e9') in 0.068919 seconds 
  Import took 0.076971 seconds .

========================================================================
Received Import Request.
  Time since last request: 0.000291 seconds.
  path: Assets/Animation/3dAnimation/Standing Torch Idle 01.fbx
  artifactKey: Guid(eabe57650d9680649b9b8e37db47e850) Importer(815301076,1909f56bfc062723c751e8b465ee728b)
Start importing Assets/Animation/3dAnimation/Standing Torch Idle 01.fbx using Guid(eabe57650d9680649b9b8e37db47e850) Importer(815301076,1909f56bfc062723c751e8b465ee728b)  -> (artifact id: 'e2f27a5ed99f093665d504f7d6504196') in 0.702714 seconds 
  Import took 0.710498 seconds .

========================================================================
Received Import Request.
  Time since last request: 0.000297 seconds.
  path: Assets/Animation/fpsHandRigged/source/Hands.fbx
  artifactKey: Guid(8ef470de10e3aa04dae8a455888f6d1d) Importer(815301076,1909f56bfc062723c751e8b465ee728b)
Start importing Assets/Animation/fpsHandRigged/source/Hands.fbx using Guid(8ef470de10e3aa04dae8a455888f6d1d) Importer(815301076,1909f56bfc062723c751e8b465ee728b)  -> (artifact id: '0f46896b17255fbaea3250fbc4d701b4') in 0.166448 seconds 
  Import took 0.173899 seconds .

========================================================================
Received Import Request.
  Time since last request: 0.000301 seconds.
  path: Assets/ExosLightDiv/Prototyping/Materials/Decals/B1.mat
  artifactKey: Guid(c6c08764e26558e4abc71a5cebab204d) Importer(815301076,1909f56bfc062723c751e8b465ee728b)
Start importing Assets/ExosLightDiv/Prototyping/Materials/Decals/B1.mat using Guid(c6c08764e26558e4abc71a5cebab204d) Importer(815301076,1909f56bfc062723c751e8b465ee728b)  -> (artifact id: '71ffd907471c27936d583003d69c4f86') in 0.101672 seconds 
  Import took 0.109361 seconds .

========================================================================
Received Import Request.
  Time since last request: 0.000403 seconds.
  path: Packages/com.unity.render-pipelines.core/Runtime/Debugging/Prefabs/Resources/DebugUI Persistent Canvas.prefab
  artifactKey: Guid(f6b1a0fe75d5009449cf55ae76220e2b) Importer(815301076,1909f56bfc062723c751e8b465ee728b)
Start importing Packages/com.unity.render-pipelines.core/Runtime/Debugging/Prefabs/Resources/DebugUI Persistent Canvas.prefab using Guid(f6b1a0fe75d5009449cf55ae76220e2b) Importer(815301076,1909f56bfc062723c751e8b465ee728b)  -> (artifact id: '0b8f9e2987def51d4df904719ce1e848') in 0.352106 seconds 
  Import took 0.405988 seconds .

========================================================================
Received Import Request.
  Time since last request: 0.000529 seconds.
  path: Assets/ExosLightDiv/Prototyping/Materials/Decals/A2.mat
  artifactKey: Guid(1d20425492edaba41b2ee9236e648d99) Importer(815301076,1909f56bfc062723c751e8b465ee728b)
Start importing Assets/ExosLightDiv/Prototyping/Materials/Decals/A2.mat using Guid(1d20425492edaba41b2ee9236e648d99) Importer(815301076,1909f56bfc062723c751e8b465ee728b)  -> (artifact id: '04c70737e2841cc30b636a0535a69853') in 0.137436 seconds 
  Import took 0.200472 seconds .

========================================================================
Received Import Request.
  Time since last request: 0.000328 seconds.
  path: Packages/com.unity.render-pipelines.core/Runtime/Debugging/Prefabs/Widgets/DebugUI Vector3.prefab
  artifactKey: Guid(94afea5f242d72547979595ba963f335) Importer(815301076,1909f56bfc062723c751e8b465ee728b)
Start importing Packages/com.unity.render-pipelines.core/Runtime/Debugging/Prefabs/Widgets/DebugUI Vector3.prefab using Guid(94afea5f242d72547979595ba963f335) Importer(815301076,1909f56bfc062723c751e8b465ee728b)  -> (artifact id: '427bd6a1d37020f428c30b798459a2f3') in 0.066371 seconds 
  Import took 0.080525 seconds .

========================================================================
Received Import Request.
  Time since last request: 0.000487 seconds.
  path: Assets/ExosLightDiv/Content/StartScene/Model/Window/low_done.obj
  artifactKey: Guid(78854c2fbabdcf24195c043694dc9b07) Importer(815301076,1909f56bfc062723c751e8b465ee728b)
Start importing Assets/ExosLightDiv/Content/StartScene/Model/Window/low_done.obj using Guid(78854c2fbabdcf24195c043694dc9b07) Importer(815301076,1909f56bfc062723c751e8b465ee728b)  -> (artifact id: '238e9346cd9b37edce5a5855f39233dc') in 0.239362 seconds 
  Import took 0.246911 seconds .

========================================================================
Received Import Request.
  Time since last request: 0.000284 seconds.
  path: Packages/com.unity.render-pipelines.core/Runtime/Debugging/Prefabs/Widgets/DebugUI HBox.prefab
  artifactKey: Guid(f7f5e36797cf0c1408561665c67b179b) Importer(815301076,1909f56bfc062723c751e8b465ee728b)
Start importing Packages/com.unity.render-pipelines.core/Runtime/Debugging/Prefabs/Widgets/DebugUI HBox.prefab using Guid(f7f5e36797cf0c1408561665c67b179b) Importer(815301076,1909f56bfc062723c751e8b465ee728b)  -> (artifact id: '30ef561e8ee6f42a9114aa364649d744') in 0.074149 seconds 
  Import took 0.090005 seconds .

========================================================================
Received Import Request.
  Time since last request: 0.000289 seconds.
  path: Assets/ExosLightDiv/Prototyping/Materials/Decals/C3.mat
  artifactKey: Guid(1e15e870123a05348aac38014ba986bb) Importer(815301076,1909f56bfc062723c751e8b465ee728b)
Start importing Assets/ExosLightDiv/Prototyping/Materials/Decals/C3.mat using Guid(1e15e870123a05348aac38014ba986bb) Importer(815301076,1909f56bfc062723c751e8b465ee728b)  -> (artifact id: '422613c4b0908fd5e2aea232f0ba1b80') in 0.139957 seconds 
  Import took 0.147354 seconds .

========================================================================
Received Import Request.
  Time since last request: 0.000367 seconds.
  path: Assets/Animation/3dAnimation/Movement/left turn 90.fbx
  artifactKey: Guid(c76eab73c8074ee45a218aaf646ef120) Importer(815301076,1909f56bfc062723c751e8b465ee728b)
Start importing Assets/Animation/3dAnimation/Movement/left turn 90.fbx using Guid(c76eab73c8074ee45a218aaf646ef120) Importer(815301076,1909f56bfc062723c751e8b465ee728b)  -> (artifact id: 'de538743c18a9d98b59c609bd594f1c8') in 0.086433 seconds 
  Import took 0.102271 seconds .

========================================================================
Received Import Request.
  Time since last request: 0.000368 seconds.
  path: Packages/com.unity.render-pipelines.core/Runtime/Debugging/Prefabs/Widgets/DebugUI Color.prefab
  artifactKey: Guid(77c185820dd1a464eac89cae3abccddf) Importer(815301076,1909f56bfc062723c751e8b465ee728b)
Start importing Packages/com.unity.render-pipelines.core/Runtime/Debugging/Prefabs/Widgets/DebugUI Color.prefab using Guid(77c185820dd1a464eac89cae3abccddf) Importer(815301076,1909f56bfc062723c751e8b465ee728b)  -> (artifact id: 'a105a046fba017d436298a8032bdb504') in 0.071643 seconds 
  Import took 0.086387 seconds .

========================================================================
Received Import Request.
  Time since last request: 0.000338 seconds.
  path: Assets/Animation/3dAnimation/TorchAnim/CrouchAnimation/CrouchWalkLeft.fbx
  artifactKey: Guid(95ba4e436db4d784f8bc1985a31f642a) Importer(815301076,1909f56bfc062723c751e8b465ee728b)
Start importing Assets/Animation/3dAnimation/TorchAnim/CrouchAnimation/CrouchWalkLeft.fbx using Guid(95ba4e436db4d784f8bc1985a31f642a) Importer(815301076,1909f56bfc062723c751e8b465ee728b)  -> (artifact id: 'bff6d2102ab576e4002b760609de8783') in 0.068855 seconds 
  Import took 0.081943 seconds .

========================================================================
Received Import Request.
  Time since last request: 0.000309 seconds.
  path: Assets/Scene 1/Model/door/source/SM_Door_low.fbx
  artifactKey: Guid(b7538c277f259304187aa7846a8d4907) Importer(815301076,1909f56bfc062723c751e8b465ee728b)
Start importing Assets/Scene 1/Model/door/source/SM_Door_low.fbx using Guid(b7538c277f259304187aa7846a8d4907) Importer(815301076,1909f56bfc062723c751e8b465ee728b)  -> (artifact id: '54f178a05e61c1cd1c70b78fec3e963f') in 0.099632 seconds 
  Import took 0.111839 seconds .

========================================================================
Received Import Request.
  Time since last request: 0.000299 seconds.
  path: Assets/Animation/3dAnimation/Movement/Y Bot.fbx
  artifactKey: Guid(ad8512bd07b559e44b47824f14597475) Importer(815301076,1909f56bfc062723c751e8b465ee728b)
Start importing Assets/Animation/3dAnimation/Movement/Y Bot.fbx using Guid(ad8512bd07b559e44b47824f14597475) Importer(815301076,1909f56bfc062723c751e8b465ee728b)  -> (artifact id: '948b718088b80e70f4a8a87d70483dfa') in 0.419770 seconds 
  Import took 0.426992 seconds .

========================================================================
Received Import Request.
  Time since last request: 0.000547 seconds.
  path: Assets/Scene 1/Model/FlashLight/model/model.dae
  artifactKey: Guid(9e7b089cca0fcb646b3ed833903426ec) Importer(815301076,1909f56bfc062723c751e8b465ee728b)
Start importing Assets/Scene 1/Model/FlashLight/model/model.dae using Guid(9e7b089cca0fcb646b3ed833903426ec) Importer(815301076,1909f56bfc062723c751e8b465ee728b)  -> (artifact id: '4e3a768abbfd1106f77a936a231872fe') in 0.184186 seconds 
  Import took 0.198196 seconds .

========================================================================
Received Import Request.
  Time since last request: 0.000307 seconds.
  path: Assets/Animation/3dAnimation/Movement/idle.fbx
  artifactKey: Guid(93d3300596689d143a4a572276a11b42) Importer(815301076,1909f56bfc062723c751e8b465ee728b)
Start importing Assets/Animation/3dAnimation/Movement/idle.fbx using Guid(93d3300596689d143a4a572276a11b42) Importer(815301076,1909f56bfc062723c751e8b465ee728b)  -> (artifact id: '6f0932c06f065d1e3cd070620b0bffc6') in 0.086545 seconds 
  Import took 0.102419 seconds .

========================================================================
Received Import Request.
  Time since last request: 0.000391 seconds.
  path: Packages/com.unity.render-pipelines.core/Runtime/Debugging/Prefabs/Widgets/DebugUI Value.prefab
  artifactKey: Guid(dc0f88987826e6e48b1fe9c7c2b53a53) Importer(815301076,1909f56bfc062723c751e8b465ee728b)
Start importing Packages/com.unity.render-pipelines.core/Runtime/Debugging/Prefabs/Widgets/DebugUI Value.prefab using Guid(dc0f88987826e6e48b1fe9c7c2b53a53) Importer(815301076,1909f56bfc062723c751e8b465ee728b)  -> (artifact id: '0dcb3708e10b7415dd1a6a0234afcd77') in 0.083418 seconds 
  Import took 0.097369 seconds .

========================================================================
Received Import Request.
  Time since last request: 0.000328 seconds.
  path: Packages/com.unity.render-pipelines.core/Runtime/Debugging/Prefabs/Widgets/DebugUI Vector4.prefab
  artifactKey: Guid(d47f009476100f545971a81ede14c750) Importer(815301076,1909f56bfc062723c751e8b465ee728b)
Start importing Packages/com.unity.render-pipelines.core/Runtime/Debugging/Prefabs/Widgets/DebugUI Vector4.prefab using Guid(d47f009476100f545971a81ede14c750) Importer(815301076,1909f56bfc062723c751e8b465ee728b)  -> (artifact id: '022c47c48deae49cc5cdb54e57f566b1') in 0.064487 seconds 
  Import took 0.072226 seconds .

========================================================================
Received Import Request.
  Time since last request: 0.000323 seconds.
  path: Packages/com.unity.render-pipelines.core/Runtime/Debugging/Prefabs/Widgets/DebugUI IntField.prefab
  artifactKey: Guid(ae00bb75e0cd5b04b8fe7fb4ab662629) Importer(815301076,1909f56bfc062723c751e8b465ee728b)
Start importing Packages/com.unity.render-pipelines.core/Runtime/Debugging/Prefabs/Widgets/DebugUI IntField.prefab using Guid(ae00bb75e0cd5b04b8fe7fb4ab662629) Importer(815301076,1909f56bfc062723c751e8b465ee728b)  -> (artifact id: 'd4fe9ef0493d803b9ac90fc5d4755a35') in 0.061371 seconds 
  Import took 0.075132 seconds .

========================================================================
Received Import Request.
  Time since last request: 0.000064 seconds.
  path: Assets/Scene/Model/door/source/SM_Door_low.fbx
  artifactKey: Guid(b6417cd552e99f745a2647ba66583943) Importer(815301076,1909f56bfc062723c751e8b465ee728b)
Start importing Assets/Scene/Model/door/source/SM_Door_low.fbx using Guid(b6417cd552e99f745a2647ba66583943) Importer(815301076,1909f56bfc062723c751e8b465ee728b)  -> (artifact id: '5a829e805a410b61dbaea22327e6b76a') in 0.138134 seconds 
  Import took 0.146557 seconds .

========================================================================
Received Import Request.
  Time since last request: 0.000298 seconds.
  path: Assets/Animation/3dAnimation/Movement/left strafe walking.fbx
  artifactKey: Guid(bf09b602447057a4b8e64554a13c448e) Importer(815301076,1909f56bfc062723c751e8b465ee728b)
Start importing Assets/Animation/3dAnimation/Movement/left strafe walking.fbx using Guid(bf09b602447057a4b8e64554a13c448e) Importer(815301076,1909f56bfc062723c751e8b465ee728b)  -> (artifact id: '219ab7263b0ff9d79cf8a38c1a270d17') in 0.147846 seconds 
  Import took 0.161501 seconds .

========================================================================
Received Import Request.
  Time since last request: 0.000294 seconds.
  path: Packages/com.unity.render-pipelines.core/Runtime/Debugging/Prefabs/Widgets/DebugUI FloatField.prefab
  artifactKey: Guid(7d4fd3415ea7dd64bbcfe13fb48a730b) Importer(815301076,1909f56bfc062723c751e8b465ee728b)
Start importing Packages/com.unity.render-pipelines.core/Runtime/Debugging/Prefabs/Widgets/DebugUI FloatField.prefab using Guid(7d4fd3415ea7dd64bbcfe13fb48a730b) Importer(815301076,1909f56bfc062723c751e8b465ee728b)  -> (artifact id: 'af04fb2b8f3c4fa2627fce2c7b55295e') in 0.075947 seconds 
  Import took 0.092911 seconds .

========================================================================
Received Import Request.
  Time since last request: 0.000293 seconds.
  path: Assets/Scenes/Player.prefab
  artifactKey: Guid(aba3accfd2ad35345a860910815c1fb6) Importer(815301076,1909f56bfc062723c751e8b465ee728b)
Start importing Assets/Scenes/Player.prefab using Guid(aba3accfd2ad35345a860910815c1fb6) Importer(815301076,1909f56bfc062723c751e8b465ee728b)  -> (artifact id: '450704d90edc997f1c7427f53d599191') in 0.539270 seconds 
  Import took 0.578011 seconds .

========================================================================
Received Import Request.
  Time since last request: 0.000294 seconds.
  path: Packages/com.unity.render-pipelines.core/Runtime/Debugging/Prefabs/Widgets/DebugUI VBox.prefab
  artifactKey: Guid(ca3e294656861a64b8aeeb9f916da0a9) Importer(815301076,1909f56bfc062723c751e8b465ee728b)
Start importing Packages/com.unity.render-pipelines.core/Runtime/Debugging/Prefabs/Widgets/DebugUI VBox.prefab using Guid(ca3e294656861a64b8aeeb9f916da0a9) Importer(815301076,1909f56bfc062723c751e8b465ee728b)  -> (artifact id: 'fb8de8e2ea5ed85b6d2eabf816063ed0') in 0.057300 seconds 
  Import took 0.070754 seconds .

========================================================================
Received Import Request.
  Time since last request: 0.000280 seconds.
  path: Packages/com.unity.render-pipelines.core/Runtime/Debugging/Prefabs/Resources/DebugUI Canvas.prefab
  artifactKey: Guid(cf6cbdd672089a84796e55a21fed1cbe) Importer(815301076,1909f56bfc062723c751e8b465ee728b)
Start importing Packages/com.unity.render-pipelines.core/Runtime/Debugging/Prefabs/Resources/DebugUI Canvas.prefab using Guid(cf6cbdd672089a84796e55a21fed1cbe) Importer(815301076,1909f56bfc062723c751e8b465ee728b)  -> (artifact id: '43321f3fb00124ffc497d9f896f539d2') in 0.108290 seconds 
  Import took 0.118005 seconds .

========================================================================
Received Import Request.
  Time since last request: 0.000295 seconds.
  path: Assets/ExosLightDiv/Content/StartScene/Model/EdisonBulb/LightBulb/lightbulb_01_4k.fbx
  artifactKey: Guid(5d258150f03fb0a4da5399e552c022ed) Importer(815301076,1909f56bfc062723c751e8b465ee728b)
Start importing Assets/ExosLightDiv/Content/StartScene/Model/EdisonBulb/LightBulb/lightbulb_01_4k.fbx using Guid(5d258150f03fb0a4da5399e552c022ed) Importer(815301076,1909f56bfc062723c751e8b465ee728b)  -> (artifact id: '0c65f2e19400fc3fe6ec99ab8d27734e') in 0.415713 seconds 
  Import took 0.423319 seconds .

========================================================================
Received Prepare
Registering precompiled user dll's ...
Registered in 0.031635 seconds.
Begin MonoManager ReloadAssembly
Native extension for WindowsStandalone target not found
Refreshing native plugins compatible for Editor in 1.09 ms, found 2 plugins.
Preloading 0 native plugins for Editor in 0.00 ms.
Mono: successfully reloaded assembly
- Completed reload, in  3.217 seconds
Domain Reload Profiling:
	ReloadAssembly (3218ms)
		BeginReloadAssembly (255ms)
			ExecutionOrderSort (0ms)
			DisableScriptedObjects (8ms)
			BackupInstance (0ms)
			ReleaseScriptingObjects (0ms)
			CreateAndSetChildDomain (95ms)
		EndReloadAssembly (2839ms)
			LoadAssemblies (289ms)
			RebuildTransferFunctionScriptingTraits (0ms)
			SetupTypeCache (1003ms)
			ReleaseScriptCaches (3ms)
			RebuildScriptCaches (106ms)
			SetupLoadedEditorAssemblies (1266ms)
				LogAssemblyErrors (0ms)
				InitializePlatformSupportModulesInManaged (11ms)
				SetLoadedEditorAssemblies (1ms)
				RefreshPlugins (1ms)
				BeforeProcessingInitializeOnLoad (169ms)
				ProcessInitializeOnLoadAttributes (1063ms)
				ProcessInitializeOnLoadMethodAttributes (15ms)
				AfterProcessingInitializeOnLoad (6ms)
				EditorAssembliesLoaded (0ms)
			ExecutionOrderSort2 (0ms)
			AwakeInstancesAfterBackupRestoration (12ms)
Platform modules already initialized, skipping
Refreshing native plugins compatible for Editor in 1.74 ms, found 2 plugins.
Preloading 0 native plugins for Editor in 0.00 ms.
Unloading 2517 Unused Serialized files (Serialized files now loaded: 0)
System memory in use before: 127.4 MB.
System memory in use after: 127.4 MB.

Unloading 34 unused Assets to reduce memory usage. Loaded Objects now: 3148.
Total: 54.269600 ms (FindLiveObjects: 0.515700 ms CreateObjectMapping: 0.145300 ms MarkObjects: 53.338500 ms  DeleteObjects: 0.268300 ms)

AssetImportParameters requested are different than current active one (requested -> active):
  custom:framework-win-MediaFoundation: 216162199b28c13a410421893ffa2e32 -> 
  custom:video-decoder-ogg-theora: a1e56fd34408186e4bbccfd4996cb3dc -> 
  custom:container-muxer-webm: aa71ff27fc2769a1b78a27578f13a17b -> 
  custom:container-demuxer-webm: 4f35f7cbe854078d1ac9338744f61a02 -> 
  custom:container-demuxer-ogg: 62fdf1f143b41e24485cea50d1cbac27 -> 
  custom:video-encoder-webm-vp8: eb34c28f22e8b96e1ab97ce403110664 -> 
  custom:video-decoder-webm-vp8: 9c59270c3fd7afecdb556c50c9e8de78 -> 
  custom:audio-decoder-ogg-vorbis: bf7c407c2cedff20999df2af8eb42d56 -> 
  custom:audio-encoder-webm-vorbis: bf7c407c2cedff20999df2af8eb42d56 -> 
========================================================================
Received Import Request.
  Time since last request: 75.678961 seconds.
  path: Assets/Scriptss/Player/Movement/Player.cs
  artifactKey: Guid(df5d2039f25d4404ca2dd442bfda721d) Importer(815301076,1909f56bfc062723c751e8b465ee728b)
Start importing Assets/Scriptss/Player/Movement/Player.cs using Guid(df5d2039f25d4404ca2dd442bfda721d) Importer(815301076,1909f56bfc062723c751e8b465ee728b)  -> (artifact id: 'e021015f11f80fa264ddf5b038abfe40') in 0.388344 seconds 
  Import took 0.399335 seconds .

========================================================================
Received Import Request.
  Time since last request: 0.000369 seconds.
  path: Assets/Scriptss/Player/Movement/RuuningEffect.cs
  artifactKey: Guid(0530472ab3e47af4d831cc0fefad4da3) Importer(815301076,1909f56bfc062723c751e8b465ee728b)
Start importing Assets/Scriptss/Player/Movement/RuuningEffect.cs using Guid(0530472ab3e47af4d831cc0fefad4da3) Importer(815301076,1909f56bfc062723c751e8b465ee728b)  -> (artifact id: 'eddbab3fd25968c498f449131a457062') in 0.042472 seconds 
  Import took 0.060694 seconds .

========================================================================
Received Import Request.
  Time since last request: 0.008223 seconds.
  path: Assets/Scriptss/Player/Movement/PlayerStamina.cs
  artifactKey: Guid(cd66aed4eac433b4195133078dab48d6) Importer(815301076,1909f56bfc062723c751e8b465ee728b)
Start importing Assets/Scriptss/Player/Movement/PlayerStamina.cs using Guid(cd66aed4eac433b4195133078dab48d6) Importer(815301076,1909f56bfc062723c751e8b465ee728b)  -> (artifact id: '065a6567bbba3dff77a6ffd37e3cceee') in 0.066463 seconds 
  Import took 0.081890 seconds .

========================================================================
Received Import Request.
  Time since last request: 5.875417 seconds.
  path: Assets/Scriptss/Player/Movement/CameraShake.cs
  artifactKey: Guid(0530472ab3e47af4d831cc0fefad4da3) Importer(815301076,1909f56bfc062723c751e8b465ee728b)
Start importing Assets/Scriptss/Player/Movement/CameraShake.cs using Guid(0530472ab3e47af4d831cc0fefad4da3) Importer(815301076,1909f56bfc062723c751e8b465ee728b)  -> (artifact id: 'b2a5c9f94375efefc0a0e67608343fba') in 0.035548 seconds 
  Import took 0.336598 seconds .

========================================================================
Received Prepare
Registering precompiled user dll's ...
Registered in 0.044072 seconds.
Begin MonoManager ReloadAssembly
Native extension for WindowsStandalone target not found
Refreshing native plugins compatible for Editor in 1.22 ms, found 2 plugins.
Preloading 0 native plugins for Editor in 0.00 ms.
Mono: successfully reloaded assembly
- Completed reload, in  7.403 seconds
Domain Reload Profiling:
	ReloadAssembly (7404ms)
		BeginReloadAssembly (408ms)
			ExecutionOrderSort (0ms)
			DisableScriptedObjects (10ms)
			BackupInstance (0ms)
			ReleaseScriptingObjects (0ms)
			CreateAndSetChildDomain (122ms)
		EndReloadAssembly (6743ms)
			LoadAssemblies (2821ms)
			RebuildTransferFunctionScriptingTraits (0ms)
			SetupTypeCache (1871ms)
			ReleaseScriptCaches (2ms)
			RebuildScriptCaches (164ms)
			SetupLoadedEditorAssemblies (1728ms)
				LogAssemblyErrors (0ms)
				InitializePlatformSupportModulesInManaged (11ms)
				SetLoadedEditorAssemblies (1ms)
				RefreshPlugins (1ms)
				BeforeProcessingInitializeOnLoad (277ms)
				ProcessInitializeOnLoadAttributes (1404ms)
				ProcessInitializeOnLoadMethodAttributes (18ms)
				AfterProcessingInitializeOnLoad (8ms)
				EditorAssembliesLoaded (9ms)
			ExecutionOrderSort2 (0ms)
			AwakeInstancesAfterBackupRestoration (32ms)
Platform modules already initialized, skipping
Refreshing native plugins compatible for Editor in 1.48 ms, found 2 plugins.
Preloading 0 native plugins for Editor in 0.00 ms.
Unloading 2517 Unused Serialized files (Serialized files now loaded: 0)
System memory in use before: 127.5 MB.
System memory in use after: 127.4 MB.

Unloading 33 unused Assets to reduce memory usage. Loaded Objects now: 3150.
Total: 35.282400 ms (FindLiveObjects: 1.484200 ms CreateObjectMapping: 0.208300 ms MarkObjects: 33.138400 ms  DeleteObjects: 0.448200 ms)

AssetImportParameters requested are different than current active one (requested -> active):
  custom:framework-win-MediaFoundation: 216162199b28c13a410421893ffa2e32 -> 
  custom:video-decoder-ogg-theora: a1e56fd34408186e4bbccfd4996cb3dc -> 
  custom:container-muxer-webm: aa71ff27fc2769a1b78a27578f13a17b -> 
  custom:container-demuxer-webm: 4f35f7cbe854078d1ac9338744f61a02 -> 
  custom:container-demuxer-ogg: 62fdf1f143b41e24485cea50d1cbac27 -> 
  custom:video-encoder-webm-vp8: eb34c28f22e8b96e1ab97ce403110664 -> 
  custom:video-decoder-webm-vp8: 9c59270c3fd7afecdb556c50c9e8de78 -> 
  custom:audio-decoder-ogg-vorbis: bf7c407c2cedff20999df2af8eb42d56 -> 
  custom:audio-encoder-webm-vorbis: bf7c407c2cedff20999df2af8eb42d56 -> 
========================================================================
Received Prepare
Registering precompiled user dll's ...
Registered in 0.024840 seconds.
Begin MonoManager ReloadAssembly
Native extension for WindowsStandalone target not found
Refreshing native plugins compatible for Editor in 1.47 ms, found 2 plugins.
Preloading 0 native plugins for Editor in 0.00 ms.
Mono: successfully reloaded assembly
- Completed reload, in  9.347 seconds
Domain Reload Profiling:
	ReloadAssembly (9349ms)
		BeginReloadAssembly (378ms)
			ExecutionOrderSort (0ms)
			DisableScriptedObjects (15ms)
			BackupInstance (0ms)
			ReleaseScriptingObjects (0ms)
			CreateAndSetChildDomain (108ms)
		EndReloadAssembly (6998ms)
			LoadAssemblies (2087ms)
			RebuildTransferFunctionScriptingTraits (0ms)
			SetupTypeCache (1209ms)
			ReleaseScriptCaches (2ms)
			RebuildScriptCaches (118ms)
			SetupLoadedEditorAssemblies (3496ms)
				LogAssemblyErrors (0ms)
				InitializePlatformSupportModulesInManaged (12ms)
				SetLoadedEditorAssemblies (1ms)
				RefreshPlugins (2ms)
				BeforeProcessingInitializeOnLoad (187ms)
				ProcessInitializeOnLoadAttributes (3266ms)
				ProcessInitializeOnLoadMethodAttributes (20ms)
				AfterProcessingInitializeOnLoad (7ms)
				EditorAssembliesLoaded (1ms)
			ExecutionOrderSort2 (0ms)
			AwakeInstancesAfterBackupRestoration (16ms)
Platform modules already initialized, skipping
Refreshing native plugins compatible for Editor in 1.24 ms, found 2 plugins.
Preloading 0 native plugins for Editor in 0.00 ms.
Unloading 2517 Unused Serialized files (Serialized files now loaded: 0)
System memory in use before: 127.5 MB.
System memory in use after: 127.5 MB.

Unloading 33 unused Assets to reduce memory usage. Loaded Objects now: 3152.
Total: 12.392700 ms (FindLiveObjects: 0.559300 ms CreateObjectMapping: 0.149300 ms MarkObjects: 11.394600 ms  DeleteObjects: 0.287400 ms)

AssetImportParameters requested are different than current active one (requested -> active):
  custom:framework-win-MediaFoundation: 216162199b28c13a410421893ffa2e32 -> 
  custom:video-decoder-ogg-theora: a1e56fd34408186e4bbccfd4996cb3dc -> 
  custom:container-muxer-webm: aa71ff27fc2769a1b78a27578f13a17b -> 
  custom:container-demuxer-webm: 4f35f7cbe854078d1ac9338744f61a02 -> 
  custom:container-demuxer-ogg: 62fdf1f143b41e24485cea50d1cbac27 -> 
  custom:video-encoder-webm-vp8: eb34c28f22e8b96e1ab97ce403110664 -> 
  custom:video-decoder-webm-vp8: 9c59270c3fd7afecdb556c50c9e8de78 -> 
  custom:audio-decoder-ogg-vorbis: bf7c407c2cedff20999df2af8eb42d56 -> 
  custom:audio-encoder-webm-vorbis: bf7c407c2cedff20999df2af8eb42d56 -> 
========================================================================
Received Prepare
Registering precompiled user dll's ...
Registered in 0.018553 seconds.
Begin MonoManager ReloadAssembly
Native extension for WindowsStandalone target not found
Refreshing native plugins compatible for Editor in 1.39 ms, found 2 plugins.
Preloading 0 native plugins for Editor in 0.00 ms.
Mono: successfully reloaded assembly
- Completed reload, in  3.486 seconds
Domain Reload Profiling:
	ReloadAssembly (3487ms)
		BeginReloadAssembly (268ms)
			ExecutionOrderSort (0ms)
			DisableScriptedObjects (10ms)
			BackupInstance (0ms)
			ReleaseScriptingObjects (0ms)
			CreateAndSetChildDomain (95ms)
		EndReloadAssembly (3087ms)
			LoadAssemblies (285ms)
			RebuildTransferFunctionScriptingTraits (0ms)
			SetupTypeCache (1064ms)
			ReleaseScriptCaches (2ms)
			RebuildScriptCaches (122ms)
			SetupLoadedEditorAssemblies (1436ms)
				LogAssemblyErrors (0ms)
				InitializePlatformSupportModulesInManaged (11ms)
				SetLoadedEditorAssemblies (1ms)
				RefreshPlugins (1ms)
				BeforeProcessingInitializeOnLoad (189ms)
				ProcessInitializeOnLoadAttributes (1208ms)
				ProcessInitializeOnLoadMethodAttributes (17ms)
				AfterProcessingInitializeOnLoad (6ms)
				EditorAssembliesLoaded (1ms)
			ExecutionOrderSort2 (0ms)
			AwakeInstancesAfterBackupRestoration (13ms)
Platform modules already initialized, skipping
Refreshing native plugins compatible for Editor in 2.49 ms, found 2 plugins.
Preloading 0 native plugins for Editor in 0.00 ms.
Unloading 2517 Unused Serialized files (Serialized files now loaded: 0)
System memory in use before: 127.5 MB.
System memory in use after: 127.5 MB.

Unloading 33 unused Assets to reduce memory usage. Loaded Objects now: 3154.
Total: 10.897800 ms (FindLiveObjects: 0.597600 ms CreateObjectMapping: 0.167100 ms MarkObjects: 9.864000 ms  DeleteObjects: 0.267500 ms)

AssetImportParameters requested are different than current active one (requested -> active):
  custom:framework-win-MediaFoundation: 216162199b28c13a410421893ffa2e32 -> 
  custom:video-decoder-ogg-theora: a1e56fd34408186e4bbccfd4996cb3dc -> 
  custom:container-muxer-webm: aa71ff27fc2769a1b78a27578f13a17b -> 
  custom:container-demuxer-webm: 4f35f7cbe854078d1ac9338744f61a02 -> 
  custom:container-demuxer-ogg: 62fdf1f143b41e24485cea50d1cbac27 -> 
  custom:video-encoder-webm-vp8: eb34c28f22e8b96e1ab97ce403110664 -> 
  custom:video-decoder-webm-vp8: 9c59270c3fd7afecdb556c50c9e8de78 -> 
  custom:audio-decoder-ogg-vorbis: bf7c407c2cedff20999df2af8eb42d56 -> 
  custom:audio-encoder-webm-vorbis: bf7c407c2cedff20999df2af8eb42d56 -> 
========================================================================
Received Import Request.
  Time since last request: 1784.105478 seconds.
  path: Assets/Scriptss/Player/Body/Camera/BodyCamHand.cs
  artifactKey: Guid(bea07909f7d46014c97854b108cd7a03) Importer(815301076,1909f56bfc062723c751e8b465ee728b)
Start importing Assets/Scriptss/Player/Body/Camera/BodyCamHand.cs using Guid(bea07909f7d46014c97854b108cd7a03) Importer(815301076,1909f56bfc062723c751e8b465ee728b)  -> (artifact id: 'c7953208fbb1552aee668f2c9e44a4ce') in 0.068377 seconds 
  Import took 0.077455 seconds .

========================================================================
Received Import Request.
  Time since last request: 0.531456 seconds.
  path: Assets/Scriptss/Player/Body/Camera/CameraShake.cs
  artifactKey: Guid(0530472ab3e47af4d831cc0fefad4da3) Importer(815301076,1909f56bfc062723c751e8b465ee728b)
Start importing Assets/Scriptss/Player/Body/Camera/CameraShake.cs using Guid(0530472ab3e47af4d831cc0fefad4da3) Importer(815301076,1909f56bfc062723c751e8b465ee728b)  -> (artifact id: 'f572bdb14d19a0c00932a59ea76f7a45') in 0.035197 seconds 
  Import took 0.042186 seconds .

========================================================================
Received Import Request.
  Time since last request: 6.831521 seconds.
  path: Assets/Animation/FullBodyScript/BasePlayer.cs
  artifactKey: Guid(0924dfdf49e6a6341b8754f024eaf97b) Importer(815301076,1909f56bfc062723c751e8b465ee728b)
Start importing Assets/Animation/FullBodyScript/BasePlayer.cs using Guid(0924dfdf49e6a6341b8754f024eaf97b) Importer(815301076,1909f56bfc062723c751e8b465ee728b)  -> (artifact id: '0ee1c75d927de02fc9aa470138d5146e') in 0.049984 seconds 
  Import took 0.056668 seconds .

========================================================================
Received Import Request.
  Time since last request: 2.403411 seconds.
  path: Assets/Animation/FullBodyScript/HandRotation.cs
  artifactKey: Guid(3085b3af825c26541baa7fd3db2372dc) Importer(815301076,1909f56bfc062723c751e8b465ee728b)
Start importing Assets/Animation/FullBodyScript/HandRotation.cs using Guid(3085b3af825c26541baa7fd3db2372dc) Importer(815301076,1909f56bfc062723c751e8b465ee728b)  -> (artifact id: 'b2b2cb71a153b424e9a0004f9a743591') in 0.055232 seconds 
  Import took 0.061983 seconds .

========================================================================
Received Import Request.
  Time since last request: 30.726350 seconds.
  path: Assets/Scriptss/Player/Body/Movement
  artifactKey: Guid(0752a2b7fb88aa04cb75ad868b6a877f) Importer(815301076,1909f56bfc062723c751e8b465ee728b)
Start importing Assets/Scriptss/Player/Body/Movement using Guid(0752a2b7fb88aa04cb75ad868b6a877f) Importer(815301076,1909f56bfc062723c751e8b465ee728b)  -> (artifact id: '0e8b4ee9368ccc8df4688316b39b6939') in 0.032837 seconds 
  Import took 0.716873 seconds .

========================================================================
Received Prepare
Registering precompiled user dll's ...
Registered in 0.347096 seconds.
Begin MonoManager ReloadAssembly
Native extension for WindowsStandalone target not found
Refreshing native plugins compatible for Editor in 1.29 ms, found 2 plugins.
Preloading 0 native plugins for Editor in 0.00 ms.
Mono: successfully reloaded assembly
- Completed reload, in  5.597 seconds
Domain Reload Profiling:
	ReloadAssembly (5615ms)
		BeginReloadAssembly (1022ms)
			ExecutionOrderSort (0ms)
			DisableScriptedObjects (83ms)
			BackupInstance (0ms)
			ReleaseScriptingObjects (0ms)
			CreateAndSetChildDomain (685ms)
		EndReloadAssembly (4455ms)
			LoadAssemblies (484ms)
			RebuildTransferFunctionScriptingTraits (0ms)
			SetupTypeCache (1706ms)
			ReleaseScriptCaches (12ms)
			RebuildScriptCaches (112ms)
			SetupLoadedEditorAssemblies (1977ms)
				LogAssemblyErrors (0ms)
				InitializePlatformSupportModulesInManaged (12ms)
				SetLoadedEditorAssemblies (1ms)
				RefreshPlugins (1ms)
				BeforeProcessingInitializeOnLoad (175ms)
				ProcessInitializeOnLoadAttributes (1763ms)
				ProcessInitializeOnLoadMethodAttributes (18ms)
				AfterProcessingInitializeOnLoad (5ms)
				EditorAssembliesLoaded (1ms)
			ExecutionOrderSort2 (0ms)
			AwakeInstancesAfterBackupRestoration (12ms)
Platform modules already initialized, skipping
Refreshing native plugins compatible for Editor in 1.20 ms, found 2 plugins.
Preloading 0 native plugins for Editor in 0.00 ms.
Unloading 2517 Unused Serialized files (Serialized files now loaded: 0)
System memory in use before: 127.5 MB.
System memory in use after: 127.5 MB.

Unloading 33 unused Assets to reduce memory usage. Loaded Objects now: 3156.
Total: 28.568300 ms (FindLiveObjects: 0.557500 ms CreateObjectMapping: 0.144300 ms MarkObjects: 26.945000 ms  DeleteObjects: 0.919600 ms)

AssetImportParameters requested are different than current active one (requested -> active):
  custom:framework-win-MediaFoundation: 216162199b28c13a410421893ffa2e32 -> 
  custom:video-decoder-ogg-theora: a1e56fd34408186e4bbccfd4996cb3dc -> 
  custom:container-muxer-webm: aa71ff27fc2769a1b78a27578f13a17b -> 
  custom:container-demuxer-webm: 4f35f7cbe854078d1ac9338744f61a02 -> 
  custom:container-demuxer-ogg: 62fdf1f143b41e24485cea50d1cbac27 -> 
  custom:video-encoder-webm-vp8: eb34c28f22e8b96e1ab97ce403110664 -> 
  custom:video-decoder-webm-vp8: 9c59270c3fd7afecdb556c50c9e8de78 -> 
  custom:audio-decoder-ogg-vorbis: bf7c407c2cedff20999df2af8eb42d56 -> 
  custom:audio-encoder-webm-vorbis: bf7c407c2cedff20999df2af8eb42d56 -> 
========================================================================
Received Prepare
Registering precompiled user dll's ...
Registered in 0.037542 seconds.
Begin MonoManager ReloadAssembly
Native extension for WindowsStandalone target not found
Refreshing native plugins compatible for Editor in 1.06 ms, found 2 plugins.
Preloading 0 native plugins for Editor in 0.00 ms.
Mono: successfully reloaded assembly
- Completed reload, in  4.594 seconds
Domain Reload Profiling:
	ReloadAssembly (4595ms)
		BeginReloadAssembly (310ms)
			ExecutionOrderSort (0ms)
			DisableScriptedObjects (8ms)
			BackupInstance (0ms)
			ReleaseScriptingObjects (0ms)
			CreateAndSetChildDomain (123ms)
		EndReloadAssembly (4036ms)
			LoadAssemblies (472ms)
			RebuildTransferFunctionScriptingTraits (0ms)
			SetupTypeCache (1593ms)
			ReleaseScriptCaches (2ms)
			RebuildScriptCaches (134ms)
			SetupLoadedEditorAssemblies (1554ms)
				LogAssemblyErrors (0ms)
				InitializePlatformSupportModulesInManaged (12ms)
				SetLoadedEditorAssemblies (1ms)
				RefreshPlugins (1ms)
				BeforeProcessingInitializeOnLoad (231ms)
				ProcessInitializeOnLoadAttributes (1288ms)
				ProcessInitializeOnLoadMethodAttributes (15ms)
				AfterProcessingInitializeOnLoad (6ms)
				EditorAssembliesLoaded (1ms)
			ExecutionOrderSort2 (0ms)
			AwakeInstancesAfterBackupRestoration (13ms)
Platform modules already initialized, skipping
Refreshing native plugins compatible for Editor in 1.10 ms, found 2 plugins.
Preloading 0 native plugins for Editor in 0.00 ms.
Unloading 2517 Unused Serialized files (Serialized files now loaded: 0)
System memory in use before: 127.5 MB.
System memory in use after: 127.5 MB.

Unloading 33 unused Assets to reduce memory usage. Loaded Objects now: 3158.
Total: 11.295100 ms (FindLiveObjects: 0.582200 ms CreateObjectMapping: 0.174500 ms MarkObjects: 10.262600 ms  DeleteObjects: 0.272700 ms)

AssetImportParameters requested are different than current active one (requested -> active):
  custom:framework-win-MediaFoundation: 216162199b28c13a410421893ffa2e32 -> 
  custom:video-decoder-ogg-theora: a1e56fd34408186e4bbccfd4996cb3dc -> 
  custom:container-muxer-webm: aa71ff27fc2769a1b78a27578f13a17b -> 
  custom:container-demuxer-webm: 4f35f7cbe854078d1ac9338744f61a02 -> 
  custom:container-demuxer-ogg: 62fdf1f143b41e24485cea50d1cbac27 -> 
  custom:video-encoder-webm-vp8: eb34c28f22e8b96e1ab97ce403110664 -> 
  custom:video-decoder-webm-vp8: 9c59270c3fd7afecdb556c50c9e8de78 -> 
  custom:audio-decoder-ogg-vorbis: bf7c407c2cedff20999df2af8eb42d56 -> 
  custom:audio-encoder-webm-vorbis: bf7c407c2cedff20999df2af8eb42d56 -> 
========================================================================
Received Import Request.
  Time since last request: 134.897364 seconds.
  path: Assets/Scriptss/Player/Body/Movement/Body
  artifactKey: Guid(1ca26e6310232a54b8fafcdf1350da81) Importer(815301076,1909f56bfc062723c751e8b465ee728b)
Start importing Assets/Scriptss/Player/Body/Movement/Body using Guid(1ca26e6310232a54b8fafcdf1350da81) Importer(815301076,1909f56bfc062723c751e8b465ee728b)  -> (artifact id: '1491a93141b3149d537b405eff08211e') in 0.028021 seconds 
  Import took 0.035671 seconds .

========================================================================
Received Import Request.
  Time since last request: 137.338331 seconds.
  path: Assets/Scriptss/Player/Body/Movement/Body/DemoHand.cs
  artifactKey: Guid(de67febae8cb2b142ab4bc4f314098be) Importer(815301076,1909f56bfc062723c751e8b465ee728b)
Start importing Assets/Scriptss/Player/Body/Movement/Body/DemoHand.cs using Guid(de67febae8cb2b142ab4bc4f314098be) Importer(815301076,1909f56bfc062723c751e8b465ee728b)  -> (artifact id: '30da7e4d7effcfd0244a46672c977bc7') in 0.120011 seconds 
  Import took 0.148156 seconds .

========================================================================
Received Prepare
Registering precompiled user dll's ...
Registered in 0.049089 seconds.
Begin MonoManager ReloadAssembly
Native extension for WindowsStandalone target not found
Refreshing native plugins compatible for Editor in 1.11 ms, found 2 plugins.
Preloading 0 native plugins for Editor in 0.00 ms.
Mono: successfully reloaded assembly
- Completed reload, in  3.652 seconds
Domain Reload Profiling:
	ReloadAssembly (3652ms)
		BeginReloadAssembly (253ms)
			ExecutionOrderSort (0ms)
			DisableScriptedObjects (10ms)
			BackupInstance (0ms)
			ReleaseScriptingObjects (0ms)
			CreateAndSetChildDomain (90ms)
		EndReloadAssembly (3279ms)
			LoadAssemblies (323ms)
			RebuildTransferFunctionScriptingTraits (0ms)
			SetupTypeCache (1078ms)
			ReleaseScriptCaches (2ms)
			RebuildScriptCaches (119ms)
			SetupLoadedEditorAssemblies (1557ms)
				LogAssemblyErrors (0ms)
				InitializePlatformSupportModulesInManaged (10ms)
				SetLoadedEditorAssemblies (2ms)
				RefreshPlugins (1ms)
				BeforeProcessingInitializeOnLoad (166ms)
				ProcessInitializeOnLoadAttributes (1329ms)
				ProcessInitializeOnLoadMethodAttributes (33ms)
				AfterProcessingInitializeOnLoad (16ms)
				EditorAssembliesLoaded (1ms)
			ExecutionOrderSort2 (0ms)
			AwakeInstancesAfterBackupRestoration (25ms)
Platform modules already initialized, skipping
Refreshing native plugins compatible for Editor in 1.24 ms, found 2 plugins.
Preloading 0 native plugins for Editor in 0.00 ms.
Unloading 2518 Unused Serialized files (Serialized files now loaded: 0)
System memory in use before: 127.6 MB.
System memory in use after: 127.5 MB.

Unloading 33 unused Assets to reduce memory usage. Loaded Objects now: 3161.
Total: 10.710100 ms (FindLiveObjects: 0.578900 ms CreateObjectMapping: 0.149500 ms MarkObjects: 9.691200 ms  DeleteObjects: 0.288700 ms)

AssetImportParameters requested are different than current active one (requested -> active):
  custom:framework-win-MediaFoundation: 216162199b28c13a410421893ffa2e32 -> 
  custom:video-decoder-ogg-theora: a1e56fd34408186e4bbccfd4996cb3dc -> 
  custom:container-muxer-webm: aa71ff27fc2769a1b78a27578f13a17b -> 
  custom:container-demuxer-webm: 4f35f7cbe854078d1ac9338744f61a02 -> 
  custom:container-demuxer-ogg: 62fdf1f143b41e24485cea50d1cbac27 -> 
  custom:video-encoder-webm-vp8: eb34c28f22e8b96e1ab97ce403110664 -> 
  custom:video-decoder-webm-vp8: 9c59270c3fd7afecdb556c50c9e8de78 -> 
  custom:audio-decoder-ogg-vorbis: bf7c407c2cedff20999df2af8eb42d56 -> 
  custom:audio-encoder-webm-vorbis: bf7c407c2cedff20999df2af8eb42d56 -> 
========================================================================
Received Prepare
Registering precompiled user dll's ...
Registered in 0.029761 seconds.
Begin MonoManager ReloadAssembly
Native extension for WindowsStandalone target not found
Refreshing native plugins compatible for Editor in 1.16 ms, found 2 plugins.
Preloading 0 native plugins for Editor in 0.00 ms.
Mono: successfully reloaded assembly
- Completed reload, in  3.466 seconds
Domain Reload Profiling:
	ReloadAssembly (3466ms)
		BeginReloadAssembly (255ms)
			ExecutionOrderSort (0ms)
			DisableScriptedObjects (9ms)
			BackupInstance (0ms)
			ReleaseScriptingObjects (0ms)
			CreateAndSetChildDomain (91ms)
		EndReloadAssembly (3092ms)
			LoadAssemblies (280ms)
			RebuildTransferFunctionScriptingTraits (0ms)
			SetupTypeCache (978ms)
			ReleaseScriptCaches (2ms)
			RebuildScriptCaches (106ms)
			SetupLoadedEditorAssemblies (1581ms)
				LogAssemblyErrors (0ms)
				InitializePlatformSupportModulesInManaged (10ms)
				SetLoadedEditorAssemblies (1ms)
				RefreshPlugins (1ms)
				BeforeProcessingInitializeOnLoad (176ms)
				ProcessInitializeOnLoadAttributes (1372ms)
				ProcessInitializeOnLoadMethodAttributes (15ms)
				AfterProcessingInitializeOnLoad (6ms)
				EditorAssembliesLoaded (0ms)
			ExecutionOrderSort2 (0ms)
			AwakeInstancesAfterBackupRestoration (12ms)
Platform modules already initialized, skipping
Refreshing native plugins compatible for Editor in 1.21 ms, found 2 plugins.
Preloading 0 native plugins for Editor in 0.00 ms.
Unloading 2518 Unused Serialized files (Serialized files now loaded: 0)
System memory in use before: 127.6 MB.
System memory in use after: 127.5 MB.

Unloading 33 unused Assets to reduce memory usage. Loaded Objects now: 3163.
Total: 12.752000 ms (FindLiveObjects: 0.616800 ms CreateObjectMapping: 0.174500 ms MarkObjects: 11.621200 ms  DeleteObjects: 0.337400 ms)

AssetImportParameters requested are different than current active one (requested -> active):
  custom:framework-win-MediaFoundation: 216162199b28c13a410421893ffa2e32 -> 
  custom:video-decoder-ogg-theora: a1e56fd34408186e4bbccfd4996cb3dc -> 
  custom:container-muxer-webm: aa71ff27fc2769a1b78a27578f13a17b -> 
  custom:container-demuxer-webm: 4f35f7cbe854078d1ac9338744f61a02 -> 
  custom:container-demuxer-ogg: 62fdf1f143b41e24485cea50d1cbac27 -> 
  custom:video-encoder-webm-vp8: eb34c28f22e8b96e1ab97ce403110664 -> 
  custom:video-decoder-webm-vp8: 9c59270c3fd7afecdb556c50c9e8de78 -> 
  custom:audio-decoder-ogg-vorbis: bf7c407c2cedff20999df2af8eb42d56 -> 
  custom:audio-encoder-webm-vorbis: bf7c407c2cedff20999df2af8eb42d56 -> 
========================================================================
Received Import Request.
  Time since last request: 464.965339 seconds.
  path: Assets/Scriptss/Player/Body/Movement/Body/HandRotation.cs
  artifactKey: Guid(3085b3af825c26541baa7fd3db2372dc) Importer(815301076,1909f56bfc062723c751e8b465ee728b)
Start importing Assets/Scriptss/Player/Body/Movement/Body/HandRotation.cs using Guid(3085b3af825c26541baa7fd3db2372dc) Importer(815301076,1909f56bfc062723c751e8b465ee728b)  -> (artifact id: '4165dc18735aecaba04d5a34513d69b5') in 0.033917 seconds 
  Import took 0.041605 seconds .

========================================================================
Received Prepare
Registering precompiled user dll's ...
Registered in 0.035487 seconds.
Begin MonoManager ReloadAssembly
Native extension for WindowsStandalone target not found
Refreshing native plugins compatible for Editor in 1.08 ms, found 2 plugins.
Preloading 0 native plugins for Editor in 0.00 ms.
Mono: successfully reloaded assembly
- Completed reload, in  3.203 seconds
Domain Reload Profiling:
	ReloadAssembly (3204ms)
		BeginReloadAssembly (250ms)
			ExecutionOrderSort (0ms)
			DisableScriptedObjects (9ms)
			BackupInstance (0ms)
			ReleaseScriptingObjects (0ms)
			CreateAndSetChildDomain (86ms)
		EndReloadAssembly (2832ms)
			LoadAssemblies (262ms)
			RebuildTransferFunctionScriptingTraits (0ms)
			SetupTypeCache (974ms)
			ReleaseScriptCaches (2ms)
			RebuildScriptCaches (110ms)
			SetupLoadedEditorAssemblies (1315ms)
				LogAssemblyErrors (0ms)
				InitializePlatformSupportModulesInManaged (10ms)
				SetLoadedEditorAssemblies (1ms)
				RefreshPlugins (1ms)
				BeforeProcessingInitializeOnLoad (173ms)
				ProcessInitializeOnLoadAttributes (1108ms)
				ProcessInitializeOnLoadMethodAttributes (16ms)
				AfterProcessingInitializeOnLoad (6ms)
				EditorAssembliesLoaded (1ms)
			ExecutionOrderSort2 (0ms)
			AwakeInstancesAfterBackupRestoration (12ms)
Platform modules already initialized, skipping
Refreshing native plugins compatible for Editor in 1.12 ms, found 2 plugins.
Preloading 0 native plugins for Editor in 0.00 ms.
Unloading 2517 Unused Serialized files (Serialized files now loaded: 0)
System memory in use before: 127.6 MB.
System memory in use after: 127.5 MB.

Unloading 34 unused Assets to reduce memory usage. Loaded Objects now: 3164.
Total: 47.762300 ms (FindLiveObjects: 0.691300 ms CreateObjectMapping: 0.154000 ms MarkObjects: 46.561100 ms  DeleteObjects: 0.353400 ms)

AssetImportParameters requested are different than current active one (requested -> active):
  custom:framework-win-MediaFoundation: 216162199b28c13a410421893ffa2e32 -> 
  custom:video-decoder-ogg-theora: a1e56fd34408186e4bbccfd4996cb3dc -> 
  custom:container-muxer-webm: aa71ff27fc2769a1b78a27578f13a17b -> 
  custom:container-demuxer-webm: 4f35f7cbe854078d1ac9338744f61a02 -> 
  custom:container-demuxer-ogg: 62fdf1f143b41e24485cea50d1cbac27 -> 
  custom:video-encoder-webm-vp8: eb34c28f22e8b96e1ab97ce403110664 -> 
  custom:video-decoder-webm-vp8: 9c59270c3fd7afecdb556c50c9e8de78 -> 
  custom:audio-decoder-ogg-vorbis: bf7c407c2cedff20999df2af8eb42d56 -> 
  custom:audio-encoder-webm-vorbis: bf7c407c2cedff20999df2af8eb42d56 -> 
========================================================================
Received Prepare
Registering precompiled user dll's ...
Registered in 0.069457 seconds.
Begin MonoManager ReloadAssembly
Native extension for WindowsStandalone target not found
Refreshing native plugins compatible for Editor in 1.15 ms, found 2 plugins.
Preloading 0 native plugins for Editor in 0.00 ms.
Mono: successfully reloaded assembly
- Completed reload, in  4.111 seconds
Domain Reload Profiling:
	ReloadAssembly (4112ms)
		BeginReloadAssembly (261ms)
			ExecutionOrderSort (0ms)
			DisableScriptedObjects (10ms)
			BackupInstance (0ms)
			ReleaseScriptingObjects (0ms)
			CreateAndSetChildDomain (96ms)
		EndReloadAssembly (3729ms)
			LoadAssemblies (258ms)
			RebuildTransferFunctionScriptingTraits (0ms)
			SetupTypeCache (1059ms)
			ReleaseScriptCaches (2ms)
			RebuildScriptCaches (117ms)
			SetupLoadedEditorAssemblies (1823ms)
				LogAssemblyErrors (0ms)
				InitializePlatformSupportModulesInManaged (27ms)
				SetLoadedEditorAssemblies (2ms)
				RefreshPlugins (1ms)
				BeforeProcessingInitializeOnLoad (194ms)
				ProcessInitializeOnLoadAttributes (1576ms)
				ProcessInitializeOnLoadMethodAttributes (16ms)
				AfterProcessingInitializeOnLoad (6ms)
				EditorAssembliesLoaded (1ms)
			ExecutionOrderSort2 (0ms)
			AwakeInstancesAfterBackupRestoration (13ms)
Platform modules already initialized, skipping
Refreshing native plugins compatible for Editor in 1.20 ms, found 2 plugins.
Preloading 0 native plugins for Editor in 0.00 ms.
Unloading 2517 Unused Serialized files (Serialized files now loaded: 0)
System memory in use before: 127.6 MB.
System memory in use after: 127.5 MB.

Unloading 33 unused Assets to reduce memory usage. Loaded Objects now: 3166.
Total: 11.794900 ms (FindLiveObjects: 0.567200 ms CreateObjectMapping: 0.152800 ms MarkObjects: 10.741300 ms  DeleteObjects: 0.331800 ms)

AssetImportParameters requested are different than current active one (requested -> active):
  custom:framework-win-MediaFoundation: 216162199b28c13a410421893ffa2e32 -> 
  custom:video-decoder-ogg-theora: a1e56fd34408186e4bbccfd4996cb3dc -> 
  custom:container-muxer-webm: aa71ff27fc2769a1b78a27578f13a17b -> 
  custom:container-demuxer-webm: 4f35f7cbe854078d1ac9338744f61a02 -> 
  custom:container-demuxer-ogg: 62fdf1f143b41e24485cea50d1cbac27 -> 
  custom:video-encoder-webm-vp8: eb34c28f22e8b96e1ab97ce403110664 -> 
  custom:video-decoder-webm-vp8: 9c59270c3fd7afecdb556c50c9e8de78 -> 
  custom:audio-decoder-ogg-vorbis: bf7c407c2cedff20999df2af8eb42d56 -> 
  custom:audio-encoder-webm-vorbis: bf7c407c2cedff20999df2af8eb42d56 -> 
AssetImportWorkerClient::OnTransportError - code=2 error=End of file
